#
# There is insufficient memory for the Java Runtime Environment to continue.
# Native memory allocation (mmap) failed to map 59768832 bytes for committing reserved memory.
# Possible reasons:
#   The system is out of physical RAM or swap space
#   In 32 bit mode, the process size limit was hit
# Possible solutions:
#   Reduce memory load on the system
#   Increase physical memory or swap space
#   Check if swap backing store is full
#   Use 64 bit Java on a 64 bit OS
#   Decrease Java heap size (-Xmx/-Xms)
#   Decrease number of Java threads
#   Decrease Java thread stack sizes (-Xss)
#   Set larger code cache with -XX:ReservedCodeCacheSize=
# This output file may be truncated or incomplete.
#
#  Out of Memory Error (os_linux.cpp:2627), pid=5652, tid=140567770035968
#
# JRE version: Java(TM) SE Runtime Environment (8.0_91-b14) (build 1.8.0_91-b14)
# Java VM: Java HotSpot(TM) 64-Bit Server VM (25.91-b14 mixed mode linux-amd64 compressed oops)
# Failed to write core dump. Core dumps have been disabled. To enable core dumping, try "ulimit -c unlimited" before starting Java again
#

---------------  T H R E A D  ---------------

Current thread (0x00007fd89c078000):  VMThread [stack: 0x00007fd87beff000,0x00007fd87c000000] [id=5680]

Stack: [0x00007fd87beff000,0x00007fd87c000000],  sp=0x00007fd87bffe360,  free space=1020k
Native frames: (J=compiled Java code, j=interpreted, Vv=VM code, C=native code)
V  [libjvm.so+0xabc18a]  VMError::report_and_die()+0x2ba
V  [libjvm.so+0x4fafeb]  report_vm_out_of_memory(char const*, int, unsigned long, VMErrorType, char const*)+0x8b
V  [libjvm.so+0x91cbb3]  os::Linux::commit_memory_impl(char*, unsigned long, bool)+0x103
V  [libjvm.so+0x91d109]  os::pd_commit_memory(char*, unsigned long, unsigned long, bool)+0x29
V  [libjvm.so+0x91740a]  os::commit_memory(char*, unsigned long, unsigned long, bool)+0x2a
V  [libjvm.so+0x98b033]  PSVirtualSpace::expand_by(unsigned long)+0x53
V  [libjvm.so+0x97b920]  PSOldGen::expand(unsigned long)+0x170
V  [libjvm.so+0x97bb2b]  PSOldGen::resize(unsigned long)+0x1cb
V  [libjvm.so+0x983801]  PSParallelCompact::invoke_no_policy(bool)+0x991
V  [libjvm.so+0x98915d]  PSScavenge::invoke()+0x1ad
V  [libjvm.so+0x9408b0]  ParallelScavengeHeap::failed_mem_allocate(unsigned long)+0x70
V  [libjvm.so+0xabdba7]  VM_ParallelGCFailedAllocation::doit()+0x97
V  [libjvm.so+0xac55d5]  VM_Operation::evaluate()+0x55
V  [libjvm.so+0xac39aa]  VMThread::evaluate_operation(VM_Operation*)+0xba
V  [libjvm.so+0xac3d2e]  VMThread::loop()+0x1ce
V  [libjvm.so+0xac41a0]  VMThread::run()+0x70
V  [libjvm.so+0x91ef78]  java_start(Thread*)+0x108

VM_Operation (0x00007fd87b012000): ParallelGCFailedAllocation, mode: safepoint, requested by thread 0x00007fd89c15a000


---------------  P R O C E S S  ---------------

Java Threads: ( => current thread )
  0x00007fd89c164000 JavaThread "pool-1-thread-4" [_thread_blocked, id=5743, stack(0x00007fd87ab0f000,0x00007fd87ac10000)]
  0x00007fd89c162000 JavaThread "pool-1-thread-3" [_thread_blocked, id=5742, stack(0x00007fd87ac10000,0x00007fd87ad11000)]
  0x00007fd89c160800 JavaThread "pool-1-thread-2" [_thread_blocked, id=5740, stack(0x00007fd87ad11000,0x00007fd87ae12000)]
  0x00007fd89c15c000 JavaThread "pool-2-thread-1" [_thread_blocked, id=5734, stack(0x00007fd87ae12000,0x00007fd87af13000)]
  0x00007fd89c15a000 JavaThread "pool-1-thread-1" [_thread_blocked, id=5729, stack(0x00007fd87af13000,0x00007fd87b014000)]
  0x00007fd89c0cb800 JavaThread "Service Thread" daemon [_thread_blocked, id=5713, stack(0x00007fd87b115000,0x00007fd87b216000)]
  0x00007fd89c0be800 JavaThread "C1 CompilerThread2" daemon [_thread_blocked, id=5712, stack(0x00007fd87b216000,0x00007fd87b317000)]
  0x00007fd89c0bc800 JavaThread "C2 CompilerThread1" daemon [_thread_blocked, id=5711, stack(0x00007fd87b317000,0x00007fd87b418000)]
  0x00007fd89c0b9800 JavaThread "C2 CompilerThread0" daemon [_thread_blocked, id=5701, stack(0x00007fd87b418000,0x00007fd87b519000)]
  0x00007fd89c0b8000 JavaThread "Signal Dispatcher" daemon [_thread_blocked, id=5697, stack(0x00007fd87b519000,0x00007fd87b61a000)]
  0x00007fd89c084000 JavaThread "Finalizer" daemon [_thread_blocked, id=5693, stack(0x00007fd87bcfd000,0x00007fd87bdfe000)]
  0x00007fd89c07f800 JavaThread "Reference Handler" daemon [_thread_blocked, id=5688, stack(0x00007fd87bdfe000,0x00007fd87beff000)]
  0x00007fd89c00a000 JavaThread "main" [_thread_blocked, id=5657, stack(0x00007fd8a2612000,0x00007fd8a2713000)]

Other Threads:
=>0x00007fd89c078000 VMThread [stack: 0x00007fd87beff000,0x00007fd87c000000] [id=5680]
  0x00007fd89c0ce800 WatcherThread [stack: 0x00007fd87b014000,0x00007fd87b115000] [id=5718]

VM state:at safepoint (normal execution)

VM Mutex/Monitor currently owned by a thread:  ([mutex/lock_event])
[0x00007fd89c005e70] ExpandHeap_lock - owner thread: 0x00007fd89c078000
[0x00007fd89c0064f0] Threads_lock - owner thread: 0x00007fd89c078000
[0x00007fd89c0069f0] Heap_lock - owner thread: 0x00007fd89c15a000

Heap:
 PSYoungGen      total 211456K, used 0K [0x00000000eab00000, 0x00000000ff000000, 0x0000000100000000)
  eden space 176128K, 0% used [0x00000000eab00000,0x00000000eab00000,0x00000000f5700000)
  from space 35328K, 0% used [0x00000000f5700000,0x00000000f5700000,0x00000000f7980000)
  to   space 51712K, 0% used [0x00000000fbd80000,0x00000000fbd80000,0x00000000ff000000)
 ParOldGen       total 219648K, used 196395K [0x00000000c0000000, 0x00000000cd680000, 0x00000000eab00000)
  object space 219648K, 89% used [0x00000000c0000000,0x00000000cbfcafe0,0x00000000cd680000)
 Metaspace       used 6467K, capacity 7256K, committed 7424K, reserved 1056768K
  class space    used 615K, capacity 656K, committed 768K, reserved 1048576K

Card table byte_map: [0x00007fd88bfe9000,0x00007fd88c1ea000] byte_map_base: 0x00007fd88b9e9000

Marking Bits: (ParMarkBitMap*) 0x00007fd8a1aeed60
 Begin Bits: [0x00007fd889be5000, 0x00007fd88abe5000)
 End Bits:   [0x00007fd88abe5000, 0x00007fd88bbe5000)

Polling page: 0x00007fd8a2737000

CodeCache: size=245760Kb used=8362Kb max_used=8362Kb free=237397Kb
 bounds [0x00007fd88c5aa000, 0x00007fd88cdda000, 0x00007fd89b5aa000]
 total_blobs=2335 nmethods=2066 adapters=182
 compilation: enabled

Compilation events (10 events):
Event: 25.000 Thread 0x00007fd89c0be800 2388       2       com.android.dx.dex.code.OutputCollector::addSuffix (10 bytes)
Event: 25.001 Thread 0x00007fd89c0be800 nmethod 2388 0x00007fd88cd97990 code [0x00007fd88cd97b00, 0x00007fd88cd97d88]
Event: 25.018 Thread 0x00007fd89c0be800 2389 %     3       com.android.dx.ssa.back.SsaToRop::moveParametersToHighRegisters @ 34 (88 bytes)
Event: 25.019 Thread 0x00007fd89c0be800 nmethod 2389% 0x00007fd88cdd64d0 code [0x00007fd88cdd66c0, 0x00007fd88cdd7078]
Event: 25.020 Thread 0x00007fd89c0be800 2390 %     3       com.android.dx.ssa.back.IdenticalBlockCombiner::combineBlocks @ 8 (102 bytes)
Event: 25.021 Thread 0x00007fd89c0be800 nmethod 2390% 0x00007fd88cdd7450 code [0x00007fd88cdd7640, 0x00007fd88cdd7f78]
Event: 25.055 Thread 0x00007fd89c0be800 2392       3       com.android.dx.ssa.back.IdenticalBlockCombiner::combineBlocks (102 bytes)
Event: 25.055 Thread 0x00007fd89c0be800 nmethod 2392 0x00007fd88cd96ad0 code [0x00007fd88cd96cc0, 0x00007fd88cd97578]
Event: 25.059 Thread 0x00007fd89c0be800 2393       2       com.android.dx.util.ByteArray::getByte (14 bytes)
Event: 25.059 Thread 0x00007fd89c0be800 nmethod 2393 0x00007fd88cdd83d0 code [0x00007fd88cdd8540, 0x00007fd88cdd8708]

GC Heap History (10 events):
Event: 19.555 GC heap after
Heap after GC invocations=8 (full 0):
 PSYoungGen      total 201216K, used 25066K [0x00000000eab00000, 0x00000000fa600000, 0x0000000100000000)
  eden space 176128K, 0% used [0x00000000eab00000,0x00000000eab00000,0x00000000f5700000)
  from space 25088K, 99% used [0x00000000f7980000,0x00000000f91fa980,0x00000000f9200000)
  to   space 35328K, 0% used [0x00000000f5700000,0x00000000f5700000,0x00000000f7980000)
 ParOldGen       total 61440K, used 46558K [0x00000000c0000000, 0x00000000c3c00000, 0x00000000eab00000)
  object space 61440K, 75% used [0x00000000c0000000,0x00000000c2d77830,0x00000000c3c00000)
 Metaspace       used 6414K, capacity 7192K, committed 7424K, reserved 1056768K
  class space    used 614K, capacity 656K, committed 768K, reserved 1048576K
}
Event: 19.555 GC heap before
{Heap before GC invocations=9 (full 1):
 PSYoungGen      total 201216K, used 25066K [0x00000000eab00000, 0x00000000fa600000, 0x0000000100000000)
  eden space 176128K, 0% used [0x00000000eab00000,0x00000000eab00000,0x00000000f5700000)
  from space 25088K, 99% used [0x00000000f7980000,0x00000000f91fa980,0x00000000f9200000)
  to   space 35328K, 0% used [0x00000000f5700000,0x00000000f5700000,0x00000000f7980000)
 ParOldGen       total 61440K, used 46558K [0x00000000c0000000, 0x00000000c3c00000, 0x00000000eab00000)
  object space 61440K, 75% used [0x00000000c0000000,0x00000000c2d77830,0x00000000c3c00000)
 Metaspace       used 6414K, capacity 7192K, committed 7424K, reserved 1056768K
  class space    used 614K, capacity 656K, committed 768K, reserved 1048576K
Event: 20.753 GC heap after
Heap after GC invocations=9 (full 1):
 PSYoungGen      total 201216K, used 1513K [0x00000000eab00000, 0x00000000fa600000, 0x0000000100000000)
  eden space 176128K, 0% used [0x00000000eab00000,0x00000000eab00000,0x00000000f5700000)
  from space 25088K, 6% used [0x00000000f7980000,0x00000000f7afa4c0,0x00000000f9200000)
  to   space 35328K, 0% used [0x00000000f5700000,0x00000000f5700000,0x00000000f7980000)
 ParOldGen       total 112640K, used 61269K [0x00000000c0000000, 0x00000000c6e00000, 0x00000000eab00000)
  object space 112640K, 54% used [0x00000000c0000000,0x00000000c3bd5658,0x00000000c6e00000)
 Metaspace       used 6414K, capacity 7192K, committed 7424K, reserved 1056768K
  class space    used 614K, capacity 656K, committed 768K, reserved 1048576K
}
Event: 23.295 GC heap before
{Heap before GC invocations=10 (full 1):
 PSYoungGen      total 201216K, used 177641K [0x00000000eab00000, 0x00000000fa600000, 0x0000000100000000)
  eden space 176128K, 100% used [0x00000000eab00000,0x00000000f5700000,0x00000000f5700000)
  from space 25088K, 6% used [0x00000000f7980000,0x00000000f7afa4c0,0x00000000f9200000)
  to   space 35328K, 0% used [0x00000000f5700000,0x00000000f5700000,0x00000000f7980000)
 ParOldGen       total 112640K, used 61269K [0x00000000c0000000, 0x00000000c6e00000, 0x00000000eab00000)
  object space 112640K, 54% used [0x00000000c0000000,0x00000000c3bd5658,0x00000000c6e00000)
 Metaspace       used 6459K, capacity 7256K, committed 7424K, reserved 1056768K
  class space    used 615K, capacity 656K, committed 768K, reserved 1048576K
Event: 23.419 GC heap after
Heap after GC invocations=10 (full 1):
 PSYoungGen      total 211456K, used 35300K [0x00000000eab00000, 0x00000000ff000000, 0x0000000100000000)
  eden space 176128K, 0% used [0x00000000eab00000,0x00000000eab00000,0x00000000f5700000)
  from space 35328K, 99% used [0x00000000f5700000,0x00000000f79792b8,0x00000000f7980000)
  to   space 51712K, 0% used [0x00000000fbd80000,0x00000000fbd80000,0x00000000ff000000)
 ParOldGen       total 112640K, used 85417K [0x00000000c0000000, 0x00000000c6e00000, 0x00000000eab00000)
  object space 112640K, 75% used [0x00000000c0000000,0x00000000c536a720,0x00000000c6e00000)
 Metaspace       used 6459K, capacity 7256K, committed 7424K, reserved 1056768K
  class space    used 615K, capacity 656K, committed 768K, reserved 1048576K
}
Event: 23.584 GC heap before
{Heap before GC invocations=11 (full 1):
 PSYoungGen      total 211456K, used 211428K [0x00000000eab00000, 0x00000000ff000000, 0x0000000100000000)
  eden space 176128K, 100% used [0x00000000eab00000,0x00000000f5700000,0x00000000f5700000)
  from space 35328K, 99% used [0x00000000f5700000,0x00000000f79792b8,0x00000000f7980000)
  to   space 51712K, 0% used [0x00000000fbd80000,0x00000000fbd80000,0x00000000ff000000)
 ParOldGen       total 112640K, used 85417K [0x00000000c0000000, 0x00000000c6e00000, 0x00000000eab00000)
  object space 112640K, 75% used [0x00000000c0000000,0x00000000c536a720,0x00000000c6e00000)
 Metaspace       used 6464K, capacity 7256K, committed 7424K, reserved 1056768K
  class space    used 615K, capacity 656K, committed 768K, reserved 1048576K
Event: 24.310 GC heap after
Heap after GC invocations=11 (full 1):
 PSYoungGen      total 211456K, used 211428K [0x00000000eab00000, 0x00000000ff000000, 0x0000000100000000)
  eden space 176128K, 100% used [0x00000000eab00000,0x00000000f5700000,0x00000000f5700000)
  from space 35328K, 99% used [0x00000000f5700000,0x00000000f79792b8,0x00000000f7980000)
  to   space 51712K, 99% used [0x00000000fbd80000,0x00000000feff9918,0x00000000ff000000)
 ParOldGen       total 153600K, used 152976K [0x00000000c0000000, 0x00000000c9600000, 0x00000000eab00000)
  object space 153600K, 99% used [0x00000000c0000000,0x00000000c9564090,0x00000000c9600000)
 Metaspace       used 6464K, capacity 7256K, committed 7424K, reserved 1056768K
  class space    used 615K, capacity 656K, committed 768K, reserved 1048576K
}
Event: 24.310 GC heap before
{Heap before GC invocations=12 (full 2):
 PSYoungGen      total 211456K, used 211428K [0x00000000eab00000, 0x00000000ff000000, 0x0000000100000000)
  eden space 176128K, 100% used [0x00000000eab00000,0x00000000f5700000,0x00000000f5700000)
  from space 35328K, 99% used [0x00000000f5700000,0x00000000f79792b8,0x00000000f7980000)
  to   space 51712K, 99% used [0x00000000fbd80000,0x00000000feff9918,0x00000000ff000000)
 ParOldGen       total 153600K, used 152976K [0x00000000c0000000, 0x00000000c9600000, 0x00000000eab00000)
  object space 153600K, 99% used [0x00000000c0000000,0x00000000c9564090,0x00000000c9600000)
 Metaspace       used 6464K, capacity 7256K, committed 7424K, reserved 1056768K
  class space    used 615K, capacity 656K, committed 768K, reserved 1048576K
Event: 24.684 GC heap after
Heap after GC invocations=12 (full 2):
 PSYoungGen      total 211456K, used 0K [0x00000000eab00000, 0x00000000ff000000, 0x0000000100000000)
  eden space 176128K, 0% used [0x00000000eab00000,0x00000000eab00000,0x00000000f5700000)
  from space 35328K, 0% used [0x00000000f5700000,0x00000000f5700000,0x00000000f7980000)
  to   space 51712K, 81% used [0x00000000fbd80000,0x00000000fe6a8530,0x00000000ff000000)
 ParOldGen       total 219648K, used 153096K [0x00000000c0000000, 0x00000000cd680000, 0x00000000eab00000)
  object space 219648K, 69% used [0x00000000c0000000,0x00000000c9582100,0x00000000cd680000)
 Metaspace       used 6464K, capacity 7256K, committed 7424K, reserved 1056768K
  class space    used 615K, capacity 656K, committed 768K, reserved 1048576K
}
Event: 25.075 GC heap before
{Heap before GC invocations=13 (full 3):
 PSYoungGen      total 211456K, used 176128K [0x00000000eab00000, 0x00000000ff000000, 0x0000000100000000)
  eden space 176128K, 100% used [0x00000000eab00000,0x00000000f5700000,0x00000000f5700000)
  from space 35328K, 0% used [0x00000000f5700000,0x00000000f5700000,0x00000000f7980000)
  to   space 51712K, 81% used [0x00000000fbd80000,0x00000000fe6a8530,0x00000000ff000000)
 ParOldGen       total 219648K, used 153096K [0x00000000c0000000, 0x00000000cd680000, 0x00000000eab00000)
  object space 219648K, 69% used [0x00000000c0000000,0x00000000c9582100,0x00000000cd680000)
 Metaspace       used 6467K, capacity 7256K, committed 7424K, reserved 1056768K
  class space    used 615K, capacity 656K, committed 768K, reserved 1048576K

Deoptimization events (10 events):
Event: 13.473 Thread 0x00007fd89c15a000 Uncommon trap: reason=unstable_if action=reinterpret pc=0x00007fd88c9b7c0c method=java.util.HashMap.getNode(ILjava/lang/Object;)Ljava/util/HashMap$Node; @ 84
Event: 13.664 Thread 0x00007fd89c15a000 Uncommon trap: reason=bimorphic action=maybe_recompile pc=0x00007fd88c7b66dc method=java.util.HashMap.getNode(ILjava/lang/Object;)Ljava/util/HashMap$Node; @ 126
Event: 13.664 Thread 0x00007fd89c15a000 Uncommon trap: reason=bimorphic action=maybe_recompile pc=0x00007fd88c7b66dc method=java.util.HashMap.getNode(ILjava/lang/Object;)Ljava/util/HashMap$Node; @ 126
Event: 13.826 Thread 0x00007fd89c160800 Uncommon trap: reason=unstable_if action=reinterpret pc=0x00007fd88ca37b5c method=java.util.HashMap.getNode(ILjava/lang/Object;)Ljava/util/HashMap$Node; @ 84
Event: 13.957 Thread 0x00007fd89c160800 Uncommon trap: reason=class_check action=maybe_recompile pc=0x00007fd88ca33880 method=java.util.HashMap.putVal(ILjava/lang/Object;Ljava/lang/Object;ZZ)Ljava/lang/Object; @ 203
Event: 13.957 Thread 0x00007fd89c160800 Uncommon trap: reason=class_check action=maybe_recompile pc=0x00007fd88ca33880 method=java.util.HashMap.putVal(ILjava/lang/Object;Ljava/lang/Object;ZZ)Ljava/lang/Object; @ 203
Event: 13.957 Thread 0x00007fd89c160800 Uncommon trap: reason=class_check action=maybe_recompile pc=0x00007fd88ca33880 method=java.util.HashMap.putVal(ILjava/lang/Object;Ljava/lang/Object;ZZ)Ljava/lang/Object; @ 203
Event: 13.957 Thread 0x00007fd89c160800 Uncommon trap: reason=class_check action=maybe_recompile pc=0x00007fd88ca33880 method=java.util.HashMap.putVal(ILjava/lang/Object;Ljava/lang/Object;ZZ)Ljava/lang/Object; @ 203
Event: 14.655 Thread 0x00007fd89c00a000 Uncommon trap: reason=unstable_if action=reinterpret pc=0x00007fd88ca840c0 method=java.util.HashMap.putVal(ILjava/lang/Object;Ljava/lang/Object;ZZ)Ljava/lang/Object; @ 109
Event: 24.809 Thread 0x00007fd89c160800 Uncommon trap: reason=unstable_if action=reinterpret pc=0x00007fd88c93087c method=com.android.dx.ssa.SetFactory.makeLivenessSet(I)Lcom/android/dx/util/IntSet; @ 4

Internal exceptions (5 events):
Event: 3.918 Thread 0x00007fd89c00a000 Exception <a 'java/lang/NoSuchMethodError': Method sun.misc.Unsafe.defineClass(Ljava/lang/String;[BII)Ljava/lang/Class; name or signature does not match> (0x00000000eab07cc0) thrown at [/HUDSON/workspace/8-2-build-linux-amd64/jdk8u91/6644/hotspot/src/shar
Event: 3.918 Thread 0x00007fd89c00a000 Exception <a 'java/lang/NoSuchMethodError': Method sun.misc.Unsafe.prefetchRead(Ljava/lang/Object;J)V name or signature does not match> (0x00000000eab07fa8) thrown at [/HUDSON/workspace/8-2-build-linux-amd64/jdk8u91/6644/hotspot/src/share/vm/prims/jni.cpp
Event: 13.319 Thread 0x00007fd89c15a000 Exception <a 'java/lang/ArrayIndexOutOfBoundsException': 18> (0x00000000ecf0a890) thrown at [/HUDSON/workspace/8-2-build-linux-amd64/jdk8u91/6644/hotspot/src/share/vm/interpreter/interpreterRuntime.cpp, line 366]
Event: 13.320 Thread 0x00007fd89c15a000 Exception <a 'java/lang/ArrayIndexOutOfBoundsException': 145> (0x00000000ecf0c410) thrown at [/HUDSON/workspace/8-2-build-linux-amd64/jdk8u91/6644/hotspot/src/share/vm/interpreter/interpreterRuntime.cpp, line 366]
Event: 13.344 Thread 0x00007fd89c15a000 Exception <a 'java/lang/ArrayIndexOutOfBoundsException'> (0x00000000ecf0d6f8) thrown at [/HUDSON/workspace/8-2-build-linux-amd64/jdk8u91/6644/hotspot/src/share/vm/runtime/sharedRuntime.cpp, line 605]

Events (10 events):
Event: 23.522 Thread 0x00007fd89c00a000 DEOPT PACKING pc=0x00007fd88cd87273 sp=0x00007fd8a27102d0
Event: 23.522 Thread 0x00007fd89c00a000 DEOPT UNPACKING pc=0x00007fd88c5f1633 sp=0x00007fd8a270fff0 mode 0
Event: 23.584 Executing VM operation: ParallelGCFailedAllocation
Event: 24.684 Executing VM operation: ParallelGCFailedAllocation done
Event: 24.699 Thread 0x00007fd89c00a000 DEOPT PACKING pc=0x00007fd88cba49cb sp=0x00007fd8a2710cb0
Event: 24.699 Thread 0x00007fd89c00a000 DEOPT UNPACKING pc=0x00007fd88c5f1633 sp=0x00007fd8a2710ab0 mode 0
Event: 24.809 Thread 0x00007fd89c160800 Uncommon trap: trap_request=0xffffff65 fr.pc=0x00007fd88c93087c
Event: 24.809 Thread 0x00007fd89c160800 DEOPT PACKING pc=0x00007fd88c93087c sp=0x00007fd87ae0ff70
Event: 24.809 Thread 0x00007fd89c160800 DEOPT UNPACKING pc=0x00007fd88c5af229 sp=0x00007fd87ae0fe78 mode 2
Event: 25.072 Executing VM operation: ParallelGCFailedAllocation


Dynamic libraries:
00400000-00401000 r-xp 00000000 08:01 3941548                            /usr/lib/jvm/java-8-oracle/bin/java
00600000-00601000 rw-p 00000000 08:01 3941548                            /usr/lib/jvm/java-8-oracle/bin/java
0083f000-00860000 rw-p 00000000 00:00 0                                  [heap]
c0000000-cd680000 rw-p 00000000 00:00 0 
d0f80000-eab00000 ---p 00000000 00:00 0 
eab00000-ff000000 rw-p 00000000 00:00 0 
ff000000-100000000 ---p 00000000 00:00 0 
100000000-1000c0000 rw-p 00000000 00:00 0 
1000c0000-140000000 ---p 00000000 00:00 0 
7fd838000000-7fd838021000 rw-p 00000000 00:00 0 
7fd838021000-7fd83c000000 ---p 00000000 00:00 0 
7fd840000000-7fd840028000 rw-p 00000000 00:00 0 
7fd840028000-7fd844000000 ---p 00000000 00:00 0 
7fd844000000-7fd844021000 rw-p 00000000 00:00 0 
7fd844021000-7fd848000000 ---p 00000000 00:00 0 
7fd848000000-7fd84804b000 rw-p 00000000 00:00 0 
7fd84804b000-7fd84c000000 ---p 00000000 00:00 0 
7fd84c000000-7fd84c021000 rw-p 00000000 00:00 0 
7fd84c021000-7fd850000000 ---p 00000000 00:00 0 
7fd850000000-7fd850021000 rw-p 00000000 00:00 0 
7fd850021000-7fd854000000 ---p 00000000 00:00 0 
7fd854000000-7fd854021000 rw-p 00000000 00:00 0 
7fd854021000-7fd858000000 ---p 00000000 00:00 0 
7fd858000000-7fd8592e9000 rw-p 00000000 00:00 0 
7fd8592e9000-7fd85c000000 ---p 00000000 00:00 0 
7fd85c000000-7fd85cffe000 rw-p 00000000 00:00 0 
7fd85cffe000-7fd860000000 ---p 00000000 00:00 0 
7fd860000000-7fd860021000 rw-p 00000000 00:00 0 
7fd860021000-7fd864000000 ---p 00000000 00:00 0 
7fd864000000-7fd86505a000 rw-p 00000000 00:00 0 
7fd86505a000-7fd868000000 ---p 00000000 00:00 0 
7fd868000000-7fd868021000 rw-p 00000000 00:00 0 
7fd868021000-7fd86c000000 ---p 00000000 00:00 0 
7fd86c000000-7fd86c021000 rw-p 00000000 00:00 0 
7fd86c021000-7fd870000000 ---p 00000000 00:00 0 
7fd870000000-7fd870295000 rw-p 00000000 00:00 0 
7fd870295000-7fd874000000 ---p 00000000 00:00 0 
7fd874000000-7fd874021000 rw-p 00000000 00:00 0 
7fd874021000-7fd878000000 ---p 00000000 00:00 0 
7fd87ab0f000-7fd87ab12000 ---p 00000000 00:00 0 
7fd87ab12000-7fd87ac10000 rw-p 00000000 00:00 0                          [stack:5743]
7fd87ac10000-7fd87ac13000 ---p 00000000 00:00 0 
7fd87ac13000-7fd87ad11000 rw-p 00000000 00:00 0                          [stack:5742]
7fd87ad11000-7fd87ad14000 ---p 00000000 00:00 0 
7fd87ad14000-7fd87ae12000 rw-p 00000000 00:00 0                          [stack:5740]
7fd87ae12000-7fd87ae15000 ---p 00000000 00:00 0 
7fd87ae15000-7fd87af13000 rw-p 00000000 00:00 0                          [stack:5734]
7fd87af13000-7fd87af16000 ---p 00000000 00:00 0 
7fd87af16000-7fd87b014000 rw-p 00000000 00:00 0                          [stack:5729]
7fd87b014000-7fd87b015000 ---p 00000000 00:00 0 
7fd87b015000-7fd87b115000 rw-p 00000000 00:00 0                          [stack:5718]
7fd87b115000-7fd87b118000 ---p 00000000 00:00 0 
7fd87b118000-7fd87b216000 rw-p 00000000 00:00 0                          [stack:5713]
7fd87b216000-7fd87b219000 ---p 00000000 00:00 0 
7fd87b219000-7fd87b317000 rw-p 00000000 00:00 0                          [stack:5712]
7fd87b317000-7fd87b31a000 ---p 00000000 00:00 0 
7fd87b31a000-7fd87b418000 rw-p 00000000 00:00 0                          [stack:5711]
7fd87b418000-7fd87b41b000 ---p 00000000 00:00 0 
7fd87b41b000-7fd87b519000 rw-p 00000000 00:00 0                          [stack:5701]
7fd87b519000-7fd87b51c000 ---p 00000000 00:00 0 
7fd87b51c000-7fd87b61a000 rw-p 00000000 00:00 0                          [stack:5697]
7fd87b61a000-7fd87bcfd000 r--p 00000000 08:01 3677197                    /usr/lib/locale/locale-archive
7fd87bcfd000-7fd87bd00000 ---p 00000000 00:00 0 
7fd87bd00000-7fd87bdfe000 rw-p 00000000 00:00 0                          [stack:5693]
7fd87bdfe000-7fd87be01000 ---p 00000000 00:00 0 
7fd87be01000-7fd87beff000 rw-p 00000000 00:00 0                          [stack:5688]
7fd87beff000-7fd87bf00000 ---p 00000000 00:00 0 
7fd87bf00000-7fd87c000000 rw-p 00000000 00:00 0                          [stack:5680]
7fd87c000000-7fd87c021000 rw-p 00000000 00:00 0 
7fd87c021000-7fd880000000 ---p 00000000 00:00 0 
7fd880000000-7fd880021000 rw-p 00000000 00:00 0 
7fd880021000-7fd884000000 ---p 00000000 00:00 0 
7fd884000000-7fd88403e000 rw-p 00000000 00:00 0 
7fd88403e000-7fd888000000 ---p 00000000 00:00 0 
7fd888053000-7fd88806b000 r--s 000f5000 08:01 1203581                    /home/taher/AndroidPackges/SelfieMap/app/build/intermediates/exploded-aar/com.google.android.gms/play-services-ads/8.4.0/jars/classes.jar
7fd88806b000-7fd888079000 r--s 000e0000 08:01 1718598                    /home/taher/Android/Sdk/build-tools/24.0.0/lib/dx.jar
7fd888079000-7fd88900c000 rw-p 00000000 00:00 0 
7fd88900c000-7fd8891e5000 r--s 03d1f000 08:01 3940085                    /usr/lib/jvm/java-8-oracle/jre/lib/rt.jar
7fd8891e5000-7fd889865000 rw-p 00000000 00:00 0 
7fd889865000-7fd8899e5000 ---p 00000000 00:00 0 
7fd8899e5000-7fd88bbe5000 rw-p 00000000 00:00 0 
7fd88bbe5000-7fd88bbe6000 ---p 00000000 00:00 0 
7fd88bbe6000-7fd88bce6000 rw-p 00000000 00:00 0                          [stack:5669]
7fd88bce6000-7fd88bce7000 ---p 00000000 00:00 0 
7fd88bce7000-7fd88bde7000 rw-p 00000000 00:00 0                          [stack:5667]
7fd88bde7000-7fd88bde8000 ---p 00000000 00:00 0 
7fd88bde8000-7fd88bee8000 rw-p 00000000 00:00 0                          [stack:5664]
7fd88bee8000-7fd88bee9000 ---p 00000000 00:00 0 
7fd88bee9000-7fd88c055000 rw-p 00000000 00:00 0                          [stack:5660]
7fd88c055000-7fd88c13e000 ---p 00000000 00:00 0 
7fd88c13e000-7fd88c1e1000 rw-p 00000000 00:00 0 
7fd88c1e1000-7fd88c1e9000 ---p 00000000 00:00 0 
7fd88c1e9000-7fd88c20b000 rw-p 00000000 00:00 0 
7fd88c20b000-7fd88c5aa000 ---p 00000000 00:00 0 
7fd88c5aa000-7fd88cdda000 rwxp 00000000 00:00 0 
7fd88cdda000-7fd89b5aa000 ---p 00000000 00:00 0 
7fd89b5aa000-7fd89b5c4000 r-xp 00000000 08:01 3940178                    /usr/lib/jvm/java-8-oracle/jre/lib/amd64/libzip.so
7fd89b5c4000-7fd89b7c4000 ---p 0001a000 08:01 3940178                    /usr/lib/jvm/java-8-oracle/jre/lib/amd64/libzip.so
7fd89b7c4000-7fd89b7c5000 rw-p 0001a000 08:01 3940178                    /usr/lib/jvm/java-8-oracle/jre/lib/amd64/libzip.so
7fd89b7c5000-7fd89b7cf000 r-xp 00000000 08:01 135441                     /lib/x86_64-linux-gnu/libnss_files-2.19.so
7fd89b7cf000-7fd89b9ce000 ---p 0000a000 08:01 135441                     /lib/x86_64-linux-gnu/libnss_files-2.19.so
7fd89b9ce000-7fd89b9cf000 r--p 00009000 08:01 135441                     /lib/x86_64-linux-gnu/libnss_files-2.19.so
7fd89b9cf000-7fd89b9d0000 rw-p 0000a000 08:01 135441                     /lib/x86_64-linux-gnu/libnss_files-2.19.so
7fd89b9d0000-7fd89b9db000 r-xp 00000000 08:01 135433                     /lib/x86_64-linux-gnu/libnss_nis-2.19.so
7fd89b9db000-7fd89bbda000 ---p 0000b000 08:01 135433                     /lib/x86_64-linux-gnu/libnss_nis-2.19.so
7fd89bbda000-7fd89bbdb000 r--p 0000a000 08:01 135433                     /lib/x86_64-linux-gnu/libnss_nis-2.19.so
7fd89bbdb000-7fd89bbdc000 rw-p 0000b000 08:01 135433                     /lib/x86_64-linux-gnu/libnss_nis-2.19.so
7fd89bbdc000-7fd89bbf3000 r-xp 00000000 08:01 135429                     /lib/x86_64-linux-gnu/libnsl-2.19.so
7fd89bbf3000-7fd89bdf2000 ---p 00017000 08:01 135429                     /lib/x86_64-linux-gnu/libnsl-2.19.so
7fd89bdf2000-7fd89bdf3000 r--p 00016000 08:01 135429                     /lib/x86_64-linux-gnu/libnsl-2.19.so
7fd89bdf3000-7fd89bdf4000 rw-p 00017000 08:01 135429                     /lib/x86_64-linux-gnu/libnsl-2.19.so
7fd89bdf4000-7fd89bdf6000 rw-p 00000000 00:00 0 
7fd89bdf6000-7fd89bdff000 r-xp 00000000 08:01 135428                     /lib/x86_64-linux-gnu/libnss_compat-2.19.so
7fd89bdff000-7fd89bffe000 ---p 00009000 08:01 135428                     /lib/x86_64-linux-gnu/libnss_compat-2.19.so
7fd89bffe000-7fd89bfff000 r--p 00008000 08:01 135428                     /lib/x86_64-linux-gnu/libnss_compat-2.19.so
7fd89bfff000-7fd89c000000 rw-p 00009000 08:01 135428                     /lib/x86_64-linux-gnu/libnss_compat-2.19.so
7fd89c000000-7fd89c3a5000 rw-p 00000000 00:00 0 
7fd89c3a5000-7fd8a0000000 ---p 00000000 00:00 0 
7fd8a0002000-7fd8a0105000 rw-p 00000000 00:00 0 
7fd8a0105000-7fd8a01ef000 ---p 00000000 00:00 0 
7fd8a01ef000-7fd8a0219000 r-xp 00000000 08:01 3940180                    /usr/lib/jvm/java-8-oracle/jre/lib/amd64/libjava.so
7fd8a0219000-7fd8a0419000 ---p 0002a000 08:01 3940180                    /usr/lib/jvm/java-8-oracle/jre/lib/amd64/libjava.so
7fd8a0419000-7fd8a041b000 rw-p 0002a000 08:01 3940180                    /usr/lib/jvm/java-8-oracle/jre/lib/amd64/libjava.so
7fd8a041b000-7fd8a0428000 r-xp 00000000 08:01 3940138                    /usr/lib/jvm/java-8-oracle/jre/lib/amd64/libverify.so
7fd8a0428000-7fd8a0628000 ---p 0000d000 08:01 3940138                    /usr/lib/jvm/java-8-oracle/jre/lib/amd64/libverify.so
7fd8a0628000-7fd8a062a000 rw-p 0000d000 08:01 3940138                    /usr/lib/jvm/java-8-oracle/jre/lib/amd64/libverify.so
7fd8a062a000-7fd8a0631000 r-xp 00000000 08:01 135437                     /lib/x86_64-linux-gnu/librt-2.19.so
7fd8a0631000-7fd8a0830000 ---p 00007000 08:01 135437                     /lib/x86_64-linux-gnu/librt-2.19.so
7fd8a0830000-7fd8a0831000 r--p 00006000 08:01 135437                     /lib/x86_64-linux-gnu/librt-2.19.so
7fd8a0831000-7fd8a0832000 rw-p 00007000 08:01 135437                     /lib/x86_64-linux-gnu/librt-2.19.so
7fd8a0832000-7fd8a0937000 r-xp 00000000 08:01 135423                     /lib/x86_64-linux-gnu/libm-2.19.so
7fd8a0937000-7fd8a0b36000 ---p 00105000 08:01 135423                     /lib/x86_64-linux-gnu/libm-2.19.so
7fd8a0b36000-7fd8a0b37000 r--p 00104000 08:01 135423                     /lib/x86_64-linux-gnu/libm-2.19.so
7fd8a0b37000-7fd8a0b38000 rw-p 00105000 08:01 135423                     /lib/x86_64-linux-gnu/libm-2.19.so
7fd8a0b38000-7fd8a17f8000 r-xp 00000000 08:01 3940148                    /usr/lib/jvm/java-8-oracle/jre/lib/amd64/server/libjvm.so
7fd8a17f8000-7fd8a19f8000 ---p 00cc0000 08:01 3940148                    /usr/lib/jvm/java-8-oracle/jre/lib/amd64/server/libjvm.so
7fd8a19f8000-7fd8a1ad0000 rw-p 00cc0000 08:01 3940148                    /usr/lib/jvm/java-8-oracle/jre/lib/amd64/server/libjvm.so
7fd8a1ad0000-7fd8a1b1b000 rw-p 00000000 00:00 0 
7fd8a1b1b000-7fd8a1cd5000 r-xp 00000000 08:01 135438                     /lib/x86_64-linux-gnu/libc-2.19.so
7fd8a1cd5000-7fd8a1ed5000 ---p 001ba000 08:01 135438                     /lib/x86_64-linux-gnu/libc-2.19.so
7fd8a1ed5000-7fd8a1ed9000 r--p 001ba000 08:01 135438                     /lib/x86_64-linux-gnu/libc-2.19.so
7fd8a1ed9000-7fd8a1edb000 rw-p 001be000 08:01 135438                     /lib/x86_64-linux-gnu/libc-2.19.so
7fd8a1edb000-7fd8a1ee0000 rw-p 00000000 00:00 0 
7fd8a1ee0000-7fd8a1ee3000 r-xp 00000000 08:01 135425                     /lib/x86_64-linux-gnu/libdl-2.19.so
7fd8a1ee3000-7fd8a20e2000 ---p 00003000 08:01 135425                     /lib/x86_64-linux-gnu/libdl-2.19.so
7fd8a20e2000-7fd8a20e3000 r--p 00002000 08:01 135425                     /lib/x86_64-linux-gnu/libdl-2.19.so
7fd8a20e3000-7fd8a20e4000 rw-p 00003000 08:01 135425                     /lib/x86_64-linux-gnu/libdl-2.19.so
7fd8a20e4000-7fd8a20f9000 r-xp 00000000 08:01 3941495                    /usr/lib/jvm/java-8-oracle/lib/amd64/jli/libjli.so
7fd8a20f9000-7fd8a22f9000 ---p 00015000 08:01 3941495                    /usr/lib/jvm/java-8-oracle/lib/amd64/jli/libjli.so
7fd8a22f9000-7fd8a22fa000 rw-p 00015000 08:01 3941495                    /usr/lib/jvm/java-8-oracle/lib/amd64/jli/libjli.so
7fd8a22fa000-7fd8a2313000 r-xp 00000000 08:01 135430                     /lib/x86_64-linux-gnu/libpthread-2.19.so
7fd8a2313000-7fd8a2512000 ---p 00019000 08:01 135430                     /lib/x86_64-linux-gnu/libpthread-2.19.so
7fd8a2512000-7fd8a2513000 r--p 00018000 08:01 135430                     /lib/x86_64-linux-gnu/libpthread-2.19.so
7fd8a2513000-7fd8a2514000 rw-p 00019000 08:01 135430                     /lib/x86_64-linux-gnu/libpthread-2.19.so
7fd8a2514000-7fd8a2518000 rw-p 00000000 00:00 0 
7fd8a2518000-7fd8a253b000 r-xp 00000000 08:01 135431                     /lib/x86_64-linux-gnu/ld-2.19.so
7fd8a2540000-7fd8a2612000 rw-p 00000000 00:00 0 
7fd8a2612000-7fd8a2615000 ---p 00000000 00:00 0 
7fd8a2615000-7fd8a2717000 rw-p 00000000 00:00 0                          [stack:5657]
7fd8a2719000-7fd8a272e000 rw-p 00000000 00:00 0 
7fd8a272e000-7fd8a2736000 rw-s 00000000 08:01 803935                     /tmp/hsperfdata_taher/5652
7fd8a2736000-7fd8a2737000 rw-p 00000000 00:00 0 
7fd8a2737000-7fd8a2738000 ---p 00000000 00:00 0 
7fd8a2738000-7fd8a273a000 rw-p 00000000 00:00 0 
7fd8a273a000-7fd8a273b000 r--p 00022000 08:01 135431                     /lib/x86_64-linux-gnu/ld-2.19.so
7fd8a273b000-7fd8a273c000 rw-p 00023000 08:01 135431                     /lib/x86_64-linux-gnu/ld-2.19.so
7fd8a273c000-7fd8a273d000 rw-p 00000000 00:00 0 
7ffee6d4f000-7ffee6d70000 rw-p 00000000 00:00 0                          [stack]
7ffee6d88000-7ffee6d8a000 r-xp 00000000 00:00 0                          [vdso]
ffffffffff600000-ffffffffff601000 r-xp 00000000 00:00 0                  [vsyscall]

VM Arguments:
jvm_args: -Djava.awt.headless=true -Xmx1024M -Dfile.encoding=UTF-8 -Duser.country=US -Duser.language=en -Duser.variant 
java_command: com.android.dx.command.Main --dex --num-threads=4 --output /home/taher/AndroidPackges/SelfieMap/app/build/intermediates/pre-dexed/debug/com.google.android.gms-play-services-ads-8.4.0_912704b99ffe37ca5c706f3e1dce0a9667d914fa.jar /home/taher/AndroidPackges/SelfieMap/app/build/intermediates/exploded-aar/com.google.android.gms/play-services-ads/8.4.0/jars/classes.jar
java_class_path (initial): /home/taher/Android/Sdk/build-tools/24.0.0/lib/dx.jar
Launcher Type: SUN_STANDARD

Environment Variables:
JAVA_HOME=/usr/lib/jvm/java-8-oracle
PATH=/usr/local/sbin:/usr/local/bin:/usr/sbin:/usr/bin:/sbin:/bin:/usr/games:/usr/local/games:/usr/lib/jvm/java-8-oracle/bin:/usr/lib/jvm/java-8-oracle/db/bin:/usr/lib/jvm/java-8-oracle/jre/bin
SHELL=/bin/bash
DISPLAY=:0

Signal Handlers:
SIGSEGV: [libjvm.so+0xabca10], sa_mask[0]=11111111011111111101111111111110, sa_flags=SA_RESTART|SA_SIGINFO
SIGBUS: [libjvm.so+0xabca10], sa_mask[0]=11111111011111111101111111111110, sa_flags=SA_RESTART|SA_SIGINFO
SIGFPE: [libjvm.so+0x919a20], sa_mask[0]=11111111011111111101111111111110, sa_flags=SA_RESTART|SA_SIGINFO
SIGPIPE: [libjvm.so+0x919a20], sa_mask[0]=11111111011111111101111111111110, sa_flags=SA_RESTART|SA_SIGINFO
SIGXFSZ: [libjvm.so+0x919a20], sa_mask[0]=11111111011111111101111111111110, sa_flags=SA_RESTART|SA_SIGINFO
SIGILL: [libjvm.so+0x919a20], sa_mask[0]=11111111011111111101111111111110, sa_flags=SA_RESTART|SA_SIGINFO
SIGUSR1: SIG_DFL, sa_mask[0]=00000000000000000000000000000000, sa_flags=none
SIGUSR2: [libjvm.so+0x91b050], sa_mask[0]=00100000000000000000000000000000, sa_flags=SA_RESTART|SA_SIGINFO
SIGHUP: [libjvm.so+0x91c450], sa_mask[0]=11111111011111111101111111111110, sa_flags=SA_RESTART|SA_SIGINFO
SIGINT: [libjvm.so+0x91c450], sa_mask[0]=11111111011111111101111111111110, sa_flags=SA_RESTART|SA_SIGINFO
SIGTERM: [libjvm.so+0x91c450], sa_mask[0]=11111111011111111101111111111110, sa_flags=SA_RESTART|SA_SIGINFO
SIGQUIT: [libjvm.so+0x91c450], sa_mask[0]=11111111011111111101111111111110, sa_flags=SA_RESTART|SA_SIGINFO


---------------  S Y S T E M  ---------------

OS:DISTRIB_ID=Ubuntu
DISTRIB_RELEASE=14.04
DISTRIB_CODENAME=trusty
DISTRIB_DESCRIPTION="Ubuntu 14.04 LTS"

uname:Linux 3.13.0-93-generic #140-Ubuntu SMP Mon Jul 18 21:21:05 UTC 2016 x86_64
libc:glibc 2.19 NPTL 2.19 
rlimit: STACK 8192k, CORE 0k, NPROC 45651, NOFILE 4096, AS infinity
load average:42.03 24.94 11.06

/proc/meminfo:
MemTotal:        5864948 kB
MemFree:          124552 kB
Buffers:             140 kB
Cached:          1148392 kB
SwapCached:            0 kB
Active:          3605080 kB
Inactive:        1141536 kB
Active(anon):    3602556 kB
Inactive(anon):  1137604 kB
Active(file):       2524 kB
Inactive(file):     3932 kB
Unevictable:         352 kB
Mlocked:             352 kB
SwapTotal:             0 kB
SwapFree:              0 kB
Dirty:                72 kB
Writeback:             0 kB
AnonPages:       3598984 kB
Mapped:          1393300 kB
Shmem:           1141528 kB
Slab:              81268 kB
SReclaimable:      36092 kB
SUnreclaim:        45176 kB
KernelStack:        5568 kB
PageTables:        46552 kB
NFS_Unstable:          0 kB
Bounce:                0 kB
WritebackTmp:          0 kB
CommitLimit:     2932472 kB
Committed_AS:    9604400 kB
VmallocTotal:   34359738367 kB
VmallocUsed:      605280 kB
VmallocChunk:   34359120236 kB
HardwareCorrupted:     0 kB
AnonHugePages:   1191936 kB
HugePages_Total:       0
HugePages_Free:        0
HugePages_Rsvd:        0
HugePages_Surp:        0
Hugepagesize:       2048 kB
DirectMap4k:       90880 kB
DirectMap2M:     2805760 kB
DirectMap1G:     3145728 kB


CPU:total 4 (2 cores per cpu, 2 threads per core) family 6 model 60 stepping 3, cmov, cx8, fxsr, mmx, sse, sse2, sse3, ssse3, sse4.1, sse4.2, popcnt, avx, avx2, aes, clmul, erms, lzcnt, ht, tsc, tscinvbit, bmi1, bmi2

/proc/cpuinfo:
processor	: 0
vendor_id	: GenuineIntel
cpu family	: 6
model		: 60
model name	: Intel(R) Core(TM) i5-4200M CPU @ 2.50GHz
stepping	: 3
microcode	: 0x9
cpu MHz		: 2501.000
cache size	: 3072 KB
physical id	: 0
siblings	: 4
core id		: 0
cpu cores	: 2
apicid		: 0
initial apicid	: 0
fpu		: yes
fpu_exception	: yes
cpuid level	: 13
wp		: yes
flags		: fpu vme de pse tsc msr pae mce cx8 apic sep mtrr pge mca cmov pat pse36 clflush dts acpi mmx fxsr sse sse2 ss ht tm pbe syscall nx pdpe1gb rdtscp lm constant_tsc arch_perfmon pebs bts rep_good nopl xtopology nonstop_tsc aperfmperf eagerfpu pni pclmulqdq dtes64 monitor ds_cpl vmx est tm2 ssse3 fma cx16 xtpr pdcm pcid sse4_1 sse4_2 movbe popcnt tsc_deadline_timer aes xsave avx f16c rdrand lahf_lm abm ida arat epb xsaveopt pln pts dtherm tpr_shadow vnmi flexpriority ept vpid fsgsbase tsc_adjust bmi1 avx2 smep bmi2 erms invpcid
bogomips	: 4988.44
clflush size	: 64
cache_alignment	: 64
address sizes	: 39 bits physical, 48 bits virtual
power management:

processor	: 1
vendor_id	: GenuineIntel
cpu family	: 6
model		: 60
model name	: Intel(R) Core(TM) i5-4200M CPU @ 2.50GHz
stepping	: 3
microcode	: 0x9
cpu MHz		: 800.000
cache size	: 3072 KB
physical id	: 0
siblings	: 4
core id		: 0
cpu cores	: 2
apicid		: 1
initial apicid	: 1
fpu		: yes
fpu_exception	: yes
cpuid level	: 13
wp		: yes
flags		: fpu vme de pse tsc msr pae mce cx8 apic sep mtrr pge mca cmov pat pse36 clflush dts acpi mmx fxsr sse sse2 ss ht tm pbe syscall nx pdpe1gb rdtscp lm constant_tsc arch_perfmon pebs bts rep_good nopl xtopology nonstop_tsc aperfmperf eagerfpu pni pclmulqdq dtes64 monitor ds_cpl vmx est tm2 ssse3 fma cx16 xtpr pdcm pcid sse4_1 sse4_2 movbe popcnt tsc_deadline_timer aes xsave avx f16c rdrand lahf_lm abm ida arat epb xsaveopt pln pts dtherm tpr_shadow vnmi flexpriority ept vpid fsgsbase tsc_adjust bmi1 avx2 smep bmi2 erms invpcid
bogomips	: 4988.44
clflush size	: 64
cache_alignment	: 64
address sizes	: 39 bits physical, 48 bits virtual
power management:

processor	: 2
vendor_id	: GenuineIntel
cpu family	: 6
model		: 60
model name	: Intel(R) Core(TM) i5-4200M CPU @ 2.50GHz
stepping	: 3
microcode	: 0x9
cpu MHz		: 2501.000
cache size	: 3072 KB
physical id	: 0
siblings	: 4
core id		: 1
cpu cores	: 2
apicid		: 2
initial apicid	: 2
fpu		: yes
fpu_exception	: yes
cpuid level	: 13
wp		: yes
flags		: fpu vme de pse tsc msr pae mce cx8 apic sep mtrr pge mca cmov pat pse36 clflush dts acpi mmx fxsr sse sse2 ss ht tm pbe syscall nx pdpe1gb rdtscp lm constant_tsc arch_perfmon pebs bts rep_good nopl xtopology nonstop_tsc aperfmperf eagerfpu pni pclmulqdq dtes64 monitor ds_cpl vmx est tm2 ssse3 fma cx16 xtpr pdcm pcid sse4_1 sse4_2 movbe popcnt tsc_deadline_timer aes xsave avx f16c rdrand lahf_lm abm ida arat epb xsaveopt pln pts dtherm tpr_shadow vnmi flexpriority ept vpid fsgsbase tsc_adjust bmi1 avx2 smep bmi2 erms invpcid
bogomips	: 4988.44
clflush size	: 64
cache_alignment	: 64
address sizes	: 39 bits physical, 48 bits virtual
power management:

processor	: 3
vendor_id	: GenuineIntel
cpu family	: 6
model		: 60
model name	: Intel(R) Core(TM) i5-4200M CPU @ 2.50GHz
stepping	: 3
microcode	: 0x9
cpu MHz		: 2501.000
cache size	: 3072 KB
physical id	: 0
siblings	: 4
core id		: 1
cpu cores	: 2
apicid		: 3
initial apicid	: 3
fpu		: yes
fpu_exception	: yes
cpuid level	: 13
wp		: yes
flags		: fpu vme de pse tsc msr pae mce cx8 apic sep mtrr pge mca cmov pat pse36 clflush dts acpi mmx fxsr sse sse2 ss ht tm pbe syscall nx pdpe1gb rdtscp lm constant_tsc arch_perfmon pebs bts rep_good nopl xtopology nonstop_tsc aperfmperf eagerfpu pni pclmulqdq dtes64 monitor ds_cpl vmx est tm2 ssse3 fma cx16 xtpr pdcm pcid sse4_1 sse4_2 movbe popcnt tsc_deadline_timer aes xsave avx f16c rdrand lahf_lm abm ida arat epb xsaveopt pln pts dtherm tpr_shadow vnmi flexpriority ept vpid fsgsbase tsc_adjust bmi1 avx2 smep bmi2 erms invpcid
bogomips	: 4988.44
clflush size	: 64
cache_alignment	: 64
address sizes	: 39 bits physical, 48 bits virtual
power management:



Memory: 4k page, physical 5864948k(118296k free), swap 0k(0k free)

vm_info: Java HotSpot(TM) 64-Bit Server VM (25.91-b14) for linux-amd64 JRE (1.8.0_91-b14), built on Apr  1 2016 00:57:21 by "java_re" with gcc 4.3.0 20080428 (Red Hat 4.3.0-8)

time: Fri Sep  9 20:16:46 2016
elapsed time: 108 seconds (0d 0h 1m 48s)

