#
# There is insufficient memory for the Java Runtime Environment to continue.
# Native memory allocation (mmap) failed to map 145227776 bytes for committing reserved memory.
# Possible reasons:
#   The system is out of physical RAM or swap space
#   In 32 bit mode, the process size limit was hit
# Possible solutions:
#   Reduce memory load on the system
#   Increase physical memory or swap space
#   Check if swap backing store is full
#   Use 64 bit Java on a 64 bit OS
#   Decrease Java heap size (-Xmx/-Xms)
#   Decrease number of Java threads
#   Decrease Java thread stack sizes (-Xss)
#   Set larger code cache with -XX:ReservedCodeCacheSize=
# This output file may be truncated or incomplete.
#
#  Out of Memory Error (os_linux.cpp:2627), pid=14181, tid=140284114487040
#
# JRE version: Java(TM) SE Runtime Environment (8.0_91-b14) (build 1.8.0_91-b14)
# Java VM: Java HotSpot(TM) 64-Bit Server VM (25.91-b14 mixed mode linux-amd64 compressed oops)
# Failed to write core dump. Core dumps have been disabled. To enable core dumping, try "ulimit -c unlimited" before starting Java again
#

---------------  T H R E A D  ---------------

Current thread (0x00007f968007b000):  VMThread [stack: 0x00007f9670bfc000,0x00007f9670cfd000] [id=14191]

Stack: [0x00007f9670bfc000,0x00007f9670cfd000],  sp=0x00007f9670cfb260,  free space=1020k
Native frames: (J=compiled Java code, j=interpreted, Vv=VM code, C=native code)
V  [libjvm.so+0xabc18a]  VMError::report_and_die()+0x2ba
V  [libjvm.so+0x4fafeb]  report_vm_out_of_memory(char const*, int, unsigned long, VMErrorType, char const*)+0x8b
V  [libjvm.so+0x91cbb3]  os::Linux::commit_memory_impl(char*, unsigned long, bool)+0x103
V  [libjvm.so+0x91d109]  os::pd_commit_memory(char*, unsigned long, unsigned long, bool)+0x29
V  [libjvm.so+0x91740a]  os::commit_memory(char*, unsigned long, unsigned long, bool)+0x2a
V  [libjvm.so+0x98b033]  PSVirtualSpace::expand_by(unsigned long)+0x53
V  [libjvm.so+0x98c438]  PSYoungGen::resize_generation(unsigned long, unsigned long)+0xf8
V  [libjvm.so+0x98b592]  PSYoungGen::resize(unsigned long, unsigned long)+0x22
V  [libjvm.so+0x98886b]  PSScavenge::invoke_no_policy()+0xf3b
V  [libjvm.so+0x988ff1]  PSScavenge::invoke()+0x41
V  [libjvm.so+0x9408b0]  ParallelScavengeHeap::failed_mem_allocate(unsigned long)+0x70
V  [libjvm.so+0xabdba7]  VM_ParallelGCFailedAllocation::doit()+0x97
V  [libjvm.so+0xac55d5]  VM_Operation::evaluate()+0x55
V  [libjvm.so+0xac39aa]  VMThread::evaluate_operation(VM_Operation*)+0xba
V  [libjvm.so+0xac3d2e]  VMThread::loop()+0x1ce
V  [libjvm.so+0xac41a0]  VMThread::run()+0x70
V  [libjvm.so+0x91ef78]  java_start(Thread*)+0x108

VM_Operation (0x00007f9689489140): ParallelGCFailedAllocation, mode: safepoint, requested by thread 0x00007f968000d000


---------------  P R O C E S S  ---------------

Java Threads: ( => current thread )
  0x00007f96800d6800 JavaThread "Service Thread" daemon [_thread_blocked, id=14198, stack(0x00007f9669dfe000,0x00007f9669eff000)]
  0x00007f96800c1000 JavaThread "C1 CompilerThread2" daemon [_thread_blocked, id=14197, stack(0x00007f9669eff000,0x00007f966a000000)]
  0x00007f96800bf800 JavaThread "C2 CompilerThread1" daemon [_thread_blocked, id=14196, stack(0x00007f9670014000,0x00007f9670115000)]
  0x00007f96800bc800 JavaThread "C2 CompilerThread0" daemon [_thread_blocked, id=14195, stack(0x00007f9670115000,0x00007f9670216000)]
  0x00007f96800bb000 JavaThread "Signal Dispatcher" daemon [_thread_blocked, id=14194, stack(0x00007f9670216000,0x00007f9670317000)]
  0x00007f9680087000 JavaThread "Finalizer" daemon [_thread_blocked, id=14193, stack(0x00007f96709fa000,0x00007f9670afb000)]
  0x00007f9680082800 JavaThread "Reference Handler" daemon [_thread_blocked, id=14192, stack(0x00007f9670afb000,0x00007f9670bfc000)]
  0x00007f968000d000 JavaThread "main" [_thread_blocked, id=14186, stack(0x00007f968938a000,0x00007f968948b000)]

Other Threads:
=>0x00007f968007b000 VMThread [stack: 0x00007f9670bfc000,0x00007f9670cfd000] [id=14191]
  0x00007f96800d9000 WatcherThread [stack: 0x00007f9669cfd000,0x00007f9669dfe000] [id=14199]

VM state:at safepoint (normal execution)

VM Mutex/Monitor currently owned by a thread:  ([mutex/lock_event])
[0x00007f9680009350] Threads_lock - owner thread: 0x00007f968007b000
[0x00007f9680009850] Heap_lock - owner thread: 0x00007f968000d000

Heap:
 PSYoungGen      total 94720K, used 3079K [0x00000000eab00000, 0x00000000f0e00000, 0x0000000100000000)
  eden space 91136K, 0% used [0x00000000eab00000,0x00000000eab00000,0x00000000f0400000)
  from space 3584K, 85% used [0x00000000f0700000,0x00000000f0a01c10,0x00000000f0a80000)
  to   space 3584K, 0% used [0x00000000f0a80000,0x00000000f0a80000,0x00000000f0e00000)
 ParOldGen       total 78848K, used 28214K [0x00000000c0000000, 0x00000000c4d00000, 0x00000000eab00000)
  object space 78848K, 35% used [0x00000000c0000000,0x00000000c1b8d948,0x00000000c4d00000)
 Metaspace       used 4741K, capacity 5464K, committed 5760K, reserved 1056768K
  class space    used 496K, capacity 528K, committed 640K, reserved 1048576K

Card table byte_map: [0x00007f9685f50000,0x00007f9686151000] byte_map_base: 0x00007f9685950000

Marking Bits: (ParMarkBitMap*) 0x00007f9688866d60
 Begin Bits: [0x00007f966a000000, 0x00007f966b000000)
 End Bits:   [0x00007f966b000000, 0x00007f966c000000)

Polling page: 0x00007f96894af000

CodeCache: size=245760Kb used=3707Kb max_used=3718Kb free=242052Kb
 bounds [0x00007f9671000000, 0x00007f96713b0000, 0x00007f9680000000]
 total_blobs=1407 nmethods=1133 adapters=188
 compilation: enabled

Compilation events (10 events):
Event: 3.248 Thread 0x00007f96800c1000 1142   !   3       com.android.dex.Dex$Section::writeStringData (36 bytes)
Event: 3.248 Thread 0x00007f96800c1000 nmethod 1142 0x00007f967139f9d0 code [0x00007f967139fbc0, 0x00007f96713a0538]
Event: 3.248 Thread 0x00007f96800c1000 1143       3       com.android.dx.merge.DexMerger$IdMerger::readIntoMap (89 bytes)
Event: 3.249 Thread 0x00007f96800c1000 nmethod 1143 0x00007f96713a0a10 code [0x00007f96713a0c20, 0x00007f96713a1798]
Event: 3.249 Thread 0x00007f96800c1000 1147       3       java.util.TreeMap::compare (32 bytes)
Event: 3.249 Thread 0x00007f96800c1000 nmethod 1147 0x00007f96713a1dd0 code [0x00007f96713a1f60, 0x00007f96713a2398]
Event: 3.250 Thread 0x00007f96800bc800 nmethod 1136 0x00007f967139d390 code [0x00007f967139d4e0, 0x00007f967139d638]
Event: 3.250 Thread 0x00007f96800bc800 1149       4       java.util.ArrayList::<init> (12 bytes)
Event: 3.250 Thread 0x00007f96800bc800 nmethod 1149 0x00007f9671395290 code [0x00007f96713953e0, 0x00007f9671395458]
Event: 3.250 Thread 0x00007f96800bc800 1150       4       com.android.dex.Mutf8::decode (228 bytes)

GC Heap History (10 events):
Event: 0.286 GC heap after
Heap after GC invocations=1 (full 0):
 PSYoungGen      total 27136K, used 3583K [0x00000000eab00000, 0x00000000ee000000, 0x0000000100000000)
  eden space 23552K, 0% used [0x00000000eab00000,0x00000000eab00000,0x00000000ec200000)
  from space 3584K, 99% used [0x00000000ec200000,0x00000000ec57fd60,0x00000000ec580000)
  to   space 3584K, 0% used [0x00000000edc80000,0x00000000edc80000,0x00000000ee000000)
 ParOldGen       total 61440K, used 3125K [0x00000000c0000000, 0x00000000c3c00000, 0x00000000eab00000)
  object space 61440K, 5% used [0x00000000c0000000,0x00000000c030d750,0x00000000c3c00000)
 Metaspace       used 3512K, capacity 4720K, committed 4864K, reserved 1056768K
  class space    used 376K, capacity 424K, committed 512K, reserved 1048576K
}
Event: 0.412 GC heap before
{Heap before GC invocations=2 (full 0):
 PSYoungGen      total 27136K, used 25614K [0x00000000eab00000, 0x00000000ee000000, 0x0000000100000000)
  eden space 23552K, 93% used [0x00000000eab00000,0x00000000ec083c40,0x00000000ec200000)
  from space 3584K, 99% used [0x00000000ec200000,0x00000000ec57fd60,0x00000000ec580000)
  to   space 3584K, 0% used [0x00000000edc80000,0x00000000edc80000,0x00000000ee000000)
 ParOldGen       total 61440K, used 3125K [0x00000000c0000000, 0x00000000c3c00000, 0x00000000eab00000)
  object space 61440K, 5% used [0x00000000c0000000,0x00000000c030d750,0x00000000c3c00000)
 Metaspace       used 3543K, capacity 4720K, committed 4864K, reserved 1056768K
  class space    used 376K, capacity 424K, committed 512K, reserved 1048576K
Event: 0.616 GC heap after
Heap after GC invocations=2 (full 0):
 PSYoungGen      total 50688K, used 3582K [0x00000000eab00000, 0x00000000ee000000, 0x0000000100000000)
  eden space 47104K, 0% used [0x00000000eab00000,0x00000000eab00000,0x00000000ed900000)
  from space 3584K, 99% used [0x00000000edc80000,0x00000000edfff920,0x00000000ee000000)
  to   space 3584K, 0% used [0x00000000ed900000,0x00000000ed900000,0x00000000edc80000)
 ParOldGen       total 61440K, used 8568K [0x00000000c0000000, 0x00000000c3c00000, 0x00000000eab00000)
  object space 61440K, 13% used [0x00000000c0000000,0x00000000c085e180,0x00000000c3c00000)
 Metaspace       used 3543K, capacity 4720K, committed 4864K, reserved 1056768K
  class space    used 376K, capacity 424K, committed 512K, reserved 1048576K
}
Event: 1.297 GC heap before
{Heap before GC invocations=3 (full 0):
 PSYoungGen      total 50688K, used 50686K [0x00000000eab00000, 0x00000000ee000000, 0x0000000100000000)
  eden space 47104K, 100% used [0x00000000eab00000,0x00000000ed900000,0x00000000ed900000)
  from space 3584K, 99% used [0x00000000edc80000,0x00000000edfff920,0x00000000ee000000)
  to   space 3584K, 0% used [0x00000000ed900000,0x00000000ed900000,0x00000000edc80000)
 ParOldGen       total 61440K, used 8568K [0x00000000c0000000, 0x00000000c3c00000, 0x00000000eab00000)
  object space 61440K, 13% used [0x00000000c0000000,0x00000000c085e180,0x00000000c3c00000)
 Metaspace       used 3901K, capacity 5008K, committed 5120K, reserved 1056768K
  class space    used 410K, capacity 456K, committed 512K, reserved 1048576K
Event: 1.809 GC heap after
Heap after GC invocations=3 (full 0):
 PSYoungGen      total 50688K, used 3568K [0x00000000eab00000, 0x00000000f0e00000, 0x0000000100000000)
  eden space 47104K, 0% used [0x00000000eab00000,0x00000000eab00000,0x00000000ed900000)
  from space 3584K, 99% used [0x00000000ed900000,0x00000000edc7c0c0,0x00000000edc80000)
  to   space 3584K, 0% used [0x00000000f0a80000,0x00000000f0a80000,0x00000000f0e00000)
 ParOldGen       total 61440K, used 40466K [0x00000000c0000000, 0x00000000c3c00000, 0x00000000eab00000)
  object space 61440K, 65% used [0x00000000c0000000,0x00000000c2784b18,0x00000000c3c00000)
 Metaspace       used 3901K, capacity 5008K, committed 5120K, reserved 1056768K
  class space    used 410K, capacity 456K, committed 512K, reserved 1048576K
}
Event: 1.809 GC heap before
{Heap before GC invocations=4 (full 1):
 PSYoungGen      total 50688K, used 3568K [0x00000000eab00000, 0x00000000f0e00000, 0x0000000100000000)
  eden space 47104K, 0% used [0x00000000eab00000,0x00000000eab00000,0x00000000ed900000)
  from space 3584K, 99% used [0x00000000ed900000,0x00000000edc7c0c0,0x00000000edc80000)
  to   space 3584K, 0% used [0x00000000f0a80000,0x00000000f0a80000,0x00000000f0e00000)
 ParOldGen       total 61440K, used 40466K [0x00000000c0000000, 0x00000000c3c00000, 0x00000000eab00000)
  object space 61440K, 65% used [0x00000000c0000000,0x00000000c2784b18,0x00000000c3c00000)
 Metaspace       used 3901K, capacity 5008K, committed 5120K, reserved 1056768K
  class space    used 410K, capacity 456K, committed 512K, reserved 1048576K
Event: 1.847 GC heap after
Heap after GC invocations=4 (full 1):
 PSYoungGen      total 50688K, used 0K [0x00000000eab00000, 0x00000000f0e00000, 0x0000000100000000)
  eden space 47104K, 0% used [0x00000000eab00000,0x00000000eab00000,0x00000000ed900000)
  from space 3584K, 0% used [0x00000000ed900000,0x00000000ed900000,0x00000000edc80000)
  to   space 3584K, 0% used [0x00000000f0a80000,0x00000000f0a80000,0x00000000f0e00000)
 ParOldGen       total 78848K, used 20615K [0x00000000c0000000, 0x00000000c4d00000, 0x00000000eab00000)
  object space 78848K, 26% used [0x00000000c0000000,0x00000000c1421f68,0x00000000c4d00000)
 Metaspace       used 3901K, capacity 5008K, committed 5120K, reserved 1056768K
  class space    used 410K, capacity 456K, committed 512K, reserved 1048576K
}
Event: 2.210 GC heap before
{Heap before GC invocations=5 (full 1):
 PSYoungGen      total 50688K, used 47104K [0x00000000eab00000, 0x00000000f0e00000, 0x0000000100000000)
  eden space 47104K, 100% used [0x00000000eab00000,0x00000000ed900000,0x00000000ed900000)
  from space 3584K, 0% used [0x00000000ed900000,0x00000000ed900000,0x00000000edc80000)
  to   space 3584K, 0% used [0x00000000f0a80000,0x00000000f0a80000,0x00000000f0e00000)
 ParOldGen       total 78848K, used 20615K [0x00000000c0000000, 0x00000000c4d00000, 0x00000000eab00000)
  object space 78848K, 26% used [0x00000000c0000000,0x00000000c1421f68,0x00000000c4d00000)
 Metaspace       used 4392K, capacity 5424K, committed 5632K, reserved 1056768K
  class space    used 460K, capacity 488K, committed 512K, reserved 1048576K
Event: 2.215 GC heap after
Heap after GC invocations=5 (full 1):
 PSYoungGen      total 94720K, used 3476K [0x00000000eab00000, 0x00000000f0e00000, 0x0000000100000000)
  eden space 91136K, 0% used [0x00000000eab00000,0x00000000eab00000,0x00000000f0400000)
  from space 3584K, 96% used [0x00000000f0a80000,0x00000000f0de5120,0x00000000f0e00000)
  to   space 3584K, 0% used [0x00000000f0700000,0x00000000f0700000,0x00000000f0a80000)
 ParOldGen       total 78848K, used 20623K [0x00000000c0000000, 0x00000000c4d00000, 0x00000000eab00000)
  object space 78848K, 26% used [0x00000000c0000000,0x00000000c1423f68,0x00000000c4d00000)
 Metaspace       used 4392K, capacity 5424K, committed 5632K, reserved 1056768K
  class space    used 460K, capacity 488K, committed 512K, reserved 1048576K
}
Event: 3.256 GC heap before
{Heap before GC invocations=6 (full 1):
 PSYoungGen      total 94720K, used 94612K [0x00000000eab00000, 0x00000000f0e00000, 0x0000000100000000)
  eden space 91136K, 100% used [0x00000000eab00000,0x00000000f0400000,0x00000000f0400000)
  from space 3584K, 96% used [0x00000000f0a80000,0x00000000f0de5120,0x00000000f0e00000)
  to   space 3584K, 0% used [0x00000000f0700000,0x00000000f0700000,0x00000000f0a80000)
 ParOldGen       total 78848K, used 20623K [0x00000000c0000000, 0x00000000c4d00000, 0x00000000eab00000)
  object space 78848K, 26% used [0x00000000c0000000,0x00000000c1423f68,0x00000000c4d00000)
 Metaspace       used 4741K, capacity 5464K, committed 5760K, reserved 1056768K
  class space    used 496K, capacity 528K, committed 640K, reserved 1048576K

Deoptimization events (10 events):
Event: 2.051 Thread 0x00007f968000d000 Uncommon trap: reason=unstable_if action=reinterpret pc=0x00007f9671233d70 method=java.util.HashMap.putVal(ILjava/lang/Object;Ljava/lang/Object;ZZ)Ljava/lang/Object; @ 109
Event: 2.060 Thread 0x00007f968000d000 Uncommon trap: reason=unstable_if action=reinterpret pc=0x00007f967127765c method=com.android.dex.EncodedValueCodec.readUnsignedInt(Lcom/android/dex/util/ByteInput;IZ)I @ 3
Event: 2.140 Thread 0x00007f968000d000 Uncommon trap: reason=unstable_if action=reinterpret pc=0x00007f9671250114 method=com.android.dx.merge.IndexMap.adjustString(I)I @ 2
Event: 2.175 Thread 0x00007f968000d000 Uncommon trap: reason=unstable_if action=reinterpret pc=0x00007f9671247348 method=java.util.HashMap.getNode(ILjava/lang/Object;)Ljava/util/HashMap$Node; @ 84
Event: 2.175 Thread 0x00007f968000d000 Uncommon trap: reason=unstable_if action=reinterpret pc=0x00007f96712363a0 method=java.util.HashMap.getNode(ILjava/lang/Object;)Ljava/util/HashMap$Node; @ 84
Event: 2.822 Thread 0x00007f968000d000 Uncommon trap: reason=unstable_if action=reinterpret pc=0x00007f967115e4c8 method=java.lang.String.replace(CC)Ljava/lang/String; @ 2
Event: 2.824 Thread 0x00007f968000d000 Uncommon trap: reason=unstable_if action=reinterpret pc=0x00007f967114f688 method=java.lang.String.indexOf(II)I @ 49
Event: 2.859 Thread 0x00007f968000d000 Uncommon trap: reason=unstable_if action=reinterpret pc=0x00007f96713799a0 method=java.util.HashMap.resize()[Ljava/util/HashMap$Node; @ 68
Event: 3.243 Thread 0x00007f968000d000 Uncommon trap: reason=unstable_if action=reinterpret pc=0x00007f96712414e4 method=com.android.dx.merge.DexMerger$IdMerger.readIntoMap(Lcom/android/dex/Dex$Section;Lcom/android/dex/TableOfContents$Section;Lcom/android/dx/merge/IndexMap;ILjava/util/TreeMap;
Event: 3.243 Thread 0x00007f968000d000 Uncommon trap: reason=unstable_if action=reinterpret pc=0x00007f96711c6abc method=com.android.dex.Mutf8.countBytes(Ljava/lang/String;Z)J @ 50

Internal exceptions (3 events):
Event: 0.019 Thread 0x00007f968000d000 Exception <a 'java/lang/NoSuchMethodError': Method sun.misc.Unsafe.defineClass(Ljava/lang/String;[BII)Ljava/lang/Class; name or signature does not match> (0x00000000eab07cc0) thrown at [/HUDSON/workspace/8-2-build-linux-amd64/jdk8u91/6644/hotspot/src/shar
Event: 0.019 Thread 0x00007f968000d000 Exception <a 'java/lang/NoSuchMethodError': Method sun.misc.Unsafe.prefetchRead(Ljava/lang/Object;J)V name or signature does not match> (0x00000000eab07fa8) thrown at [/HUDSON/workspace/8-2-build-linux-amd64/jdk8u91/6644/hotspot/src/share/vm/prims/jni.cpp
Event: 3.243 Thread 0x00007f968000d000 Implicit null exception at 0x00007f9671240672 to 0x00007f96712414c1

Events (10 events):
Event: 3.000 Thread 0x00007f968000d000 DEOPT UNPACKING pc=0x00007f9671047633 sp=0x00007f96894890d0 mode 0
Event: 3.030 loading class java/util/zip/Adler32
Event: 3.030 loading class java/util/zip/Adler32 done
Event: 3.243 Thread 0x00007f968000d000 Uncommon trap: trap_request=0xffffff65 fr.pc=0x00007f96712414e4
Event: 3.243 Thread 0x00007f968000d000 DEOPT PACKING pc=0x00007f96712414e4 sp=0x00007f9689489480
Event: 3.243 Thread 0x00007f968000d000 DEOPT UNPACKING pc=0x00007f9671005229 sp=0x00007f9689489460 mode 2
Event: 3.243 Thread 0x00007f968000d000 Uncommon trap: trap_request=0xffffff65 fr.pc=0x00007f96711c6abc
Event: 3.243 Thread 0x00007f968000d000 DEOPT PACKING pc=0x00007f96711c6abc sp=0x00007f9689489360
Event: 3.243 Thread 0x00007f968000d000 DEOPT UNPACKING pc=0x00007f9671005229 sp=0x00007f9689489308 mode 2
Event: 3.256 Executing VM operation: ParallelGCFailedAllocation


Dynamic libraries:
00400000-00401000 r-xp 00000000 08:01 3941548                            /usr/lib/jvm/java-8-oracle/bin/java
00600000-00601000 rw-p 00000000 08:01 3941548                            /usr/lib/jvm/java-8-oracle/bin/java
011f8000-01219000 rw-p 00000000 00:00 0                                  [heap]
c0000000-c4d00000 rw-p 00000000 00:00 0 
c4d00000-eab00000 ---p 00000000 00:00 0 
eab00000-f0e00000 rw-p 00000000 00:00 0 
f9880000-100000000 ---p 00000000 00:00 0 
100000000-1000a0000 rw-p 00000000 00:00 0 
1000a0000-140000000 ---p 00000000 00:00 0 
7f9634000000-7f9634021000 rw-p 00000000 00:00 0 
7f9634021000-7f9638000000 ---p 00000000 00:00 0 
7f963c000000-7f963c38c000 rw-p 00000000 00:00 0 
7f963c38c000-7f9640000000 ---p 00000000 00:00 0 
7f9640000000-7f9640021000 rw-p 00000000 00:00 0 
7f9640021000-7f9644000000 ---p 00000000 00:00 0 
7f9644000000-7f9644ab3000 rw-p 00000000 00:00 0 
7f9644ab3000-7f9648000000 ---p 00000000 00:00 0 
7f9648000000-7f9649178000 rw-p 00000000 00:00 0 
7f9649178000-7f964c000000 ---p 00000000 00:00 0 
7f964c000000-7f964c021000 rw-p 00000000 00:00 0 
7f964c021000-7f9650000000 ---p 00000000 00:00 0 
7f9650000000-7f9650021000 rw-p 00000000 00:00 0 
7f9650021000-7f9654000000 ---p 00000000 00:00 0 
7f9654000000-7f965428c000 rw-p 00000000 00:00 0 
7f965428c000-7f9658000000 ---p 00000000 00:00 0 
7f9658000000-7f9658021000 rw-p 00000000 00:00 0 
7f9658021000-7f965c000000 ---p 00000000 00:00 0 
7f965c000000-7f965c021000 rw-p 00000000 00:00 0 
7f965c021000-7f9660000000 ---p 00000000 00:00 0 
7f9660000000-7f9660021000 rw-p 00000000 00:00 0 
7f9660021000-7f9664000000 ---p 00000000 00:00 0 
7f9664000000-7f9664021000 rw-p 00000000 00:00 0 
7f9664021000-7f9668000000 ---p 00000000 00:00 0 
7f9669cfd000-7f9669cfe000 ---p 00000000 00:00 0 
7f9669cfe000-7f9669dfe000 rw-p 00000000 00:00 0                          [stack:14199]
7f9669dfe000-7f9669e01000 ---p 00000000 00:00 0 
7f9669e01000-7f9669eff000 rw-p 00000000 00:00 0                          [stack:14198]
7f9669eff000-7f9669f02000 ---p 00000000 00:00 0 
7f9669f02000-7f966c000000 rw-p 00000000 00:00 0                          [stack:14197]
7f966c000000-7f966c021000 rw-p 00000000 00:00 0 
7f966c021000-7f9670000000 ---p 00000000 00:00 0 
7f9670014000-7f9670017000 ---p 00000000 00:00 0 
7f9670017000-7f9670115000 rw-p 00000000 00:00 0                          [stack:14196]
7f9670115000-7f9670118000 ---p 00000000 00:00 0 
7f9670118000-7f9670216000 rw-p 00000000 00:00 0                          [stack:14195]
7f9670216000-7f9670219000 ---p 00000000 00:00 0 
7f9670219000-7f9670317000 rw-p 00000000 00:00 0                          [stack:14194]
7f9670317000-7f96709fa000 r--p 00000000 08:01 3677197                    /usr/lib/locale/locale-archive
7f96709fa000-7f96709fd000 ---p 00000000 00:00 0 
7f96709fd000-7f9670afb000 rw-p 00000000 00:00 0                          [stack:14193]
7f9670afb000-7f9670afe000 ---p 00000000 00:00 0 
7f9670afe000-7f9670bfc000 rw-p 00000000 00:00 0                          [stack:14192]
7f9670bfc000-7f9670bfd000 ---p 00000000 00:00 0 
7f9670bfd000-7f9671000000 rw-p 00000000 00:00 0                          [stack:14191]
7f9671000000-7f96713b0000 rwxp 00000000 00:00 0 
7f96713b0000-7f9680000000 ---p 00000000 00:00 0 
7f9680000000-7f9680426000 rw-p 00000000 00:00 0 
7f9680426000-7f9684000000 ---p 00000000 00:00 0 
7f96840e8000-7f96840f6000 r--s 000e0000 08:01 1718598                    /home/taher/Android/Sdk/build-tools/24.0.0/lib/dx.jar
7f96840f6000-7f9684da7000 rw-p 00000000 00:00 0 
7f9684da7000-7f9684f80000 r--s 03d1f000 08:01 3940085                    /usr/lib/jvm/java-8-oracle/jre/lib/rt.jar
7f9684f80000-7f96854f6000 rw-p 00000000 00:00 0 
7f96854f6000-7f96857f6000 ---p 00000000 00:00 0 
7f96857f6000-7f96859f6000 rw-p 00000000 00:00 0 
7f96859f6000-7f96859f7000 ---p 00000000 00:00 0 
7f96859f7000-7f9685af7000 rw-p 00000000 00:00 0                          [stack:14190]
7f9685af7000-7f9685af8000 ---p 00000000 00:00 0 
7f9685af8000-7f9685bf8000 rw-p 00000000 00:00 0                          [stack:14189]
7f9685bf8000-7f9685bf9000 ---p 00000000 00:00 0 
7f9685bf9000-7f9685cf9000 rw-p 00000000 00:00 0                          [stack:14188]
7f9685cf9000-7f9685cfa000 ---p 00000000 00:00 0 
7f9685cfa000-7f9685e21000 rw-p 00000000 00:00 0                          [stack:14187]
7f9685e21000-7f9685f50000 ---p 00000000 00:00 0 
7f9685f50000-7f9685f77000 rw-p 00000000 00:00 0 
7f9685f77000-7f96860a5000 ---p 00000000 00:00 0 
7f96860a5000-7f96860d7000 rw-p 00000000 00:00 0 
7f96860d7000-7f9686150000 ---p 00000000 00:00 0 
7f9686150000-7f9686160000 rw-p 00000000 00:00 0 
7f9686160000-7f9686511000 ---p 00000000 00:00 0 
7f9686511000-7f968652b000 r-xp 00000000 08:01 3940178                    /usr/lib/jvm/java-8-oracle/jre/lib/amd64/libzip.so
7f968652b000-7f968672b000 ---p 0001a000 08:01 3940178                    /usr/lib/jvm/java-8-oracle/jre/lib/amd64/libzip.so
7f968672b000-7f968672c000 rw-p 0001a000 08:01 3940178                    /usr/lib/jvm/java-8-oracle/jre/lib/amd64/libzip.so
7f968672c000-7f9686736000 r-xp 00000000 08:01 135441                     /lib/x86_64-linux-gnu/libnss_files-2.19.so
7f9686736000-7f9686935000 ---p 0000a000 08:01 135441                     /lib/x86_64-linux-gnu/libnss_files-2.19.so
7f9686935000-7f9686936000 r--p 00009000 08:01 135441                     /lib/x86_64-linux-gnu/libnss_files-2.19.so
7f9686936000-7f9686937000 rw-p 0000a000 08:01 135441                     /lib/x86_64-linux-gnu/libnss_files-2.19.so
7f9686937000-7f9686942000 r-xp 00000000 08:01 135433                     /lib/x86_64-linux-gnu/libnss_nis-2.19.so
7f9686942000-7f9686b41000 ---p 0000b000 08:01 135433                     /lib/x86_64-linux-gnu/libnss_nis-2.19.so
7f9686b41000-7f9686b42000 r--p 0000a000 08:01 135433                     /lib/x86_64-linux-gnu/libnss_nis-2.19.so
7f9686b42000-7f9686b43000 rw-p 0000b000 08:01 135433                     /lib/x86_64-linux-gnu/libnss_nis-2.19.so
7f9686b43000-7f9686b5a000 r-xp 00000000 08:01 135429                     /lib/x86_64-linux-gnu/libnsl-2.19.so
7f9686b5a000-7f9686d59000 ---p 00017000 08:01 135429                     /lib/x86_64-linux-gnu/libnsl-2.19.so
7f9686d59000-7f9686d5a000 r--p 00016000 08:01 135429                     /lib/x86_64-linux-gnu/libnsl-2.19.so
7f9686d5a000-7f9686d5b000 rw-p 00017000 08:01 135429                     /lib/x86_64-linux-gnu/libnsl-2.19.so
7f9686d5b000-7f9686d5d000 rw-p 00000000 00:00 0 
7f9686d5d000-7f9686d66000 r-xp 00000000 08:01 135428                     /lib/x86_64-linux-gnu/libnss_compat-2.19.so
7f9686d66000-7f9686f65000 ---p 00009000 08:01 135428                     /lib/x86_64-linux-gnu/libnss_compat-2.19.so
7f9686f65000-7f9686f66000 r--p 00008000 08:01 135428                     /lib/x86_64-linux-gnu/libnss_compat-2.19.so
7f9686f66000-7f9686f67000 rw-p 00009000 08:01 135428                     /lib/x86_64-linux-gnu/libnss_compat-2.19.so
7f9686f67000-7f9686f91000 r-xp 00000000 08:01 3940180                    /usr/lib/jvm/java-8-oracle/jre/lib/amd64/libjava.so
7f9686f91000-7f9687191000 ---p 0002a000 08:01 3940180                    /usr/lib/jvm/java-8-oracle/jre/lib/amd64/libjava.so
7f9687191000-7f9687193000 rw-p 0002a000 08:01 3940180                    /usr/lib/jvm/java-8-oracle/jre/lib/amd64/libjava.so
7f9687193000-7f96871a0000 r-xp 00000000 08:01 3940138                    /usr/lib/jvm/java-8-oracle/jre/lib/amd64/libverify.so
7f96871a0000-7f96873a0000 ---p 0000d000 08:01 3940138                    /usr/lib/jvm/java-8-oracle/jre/lib/amd64/libverify.so
7f96873a0000-7f96873a2000 rw-p 0000d000 08:01 3940138                    /usr/lib/jvm/java-8-oracle/jre/lib/amd64/libverify.so
7f96873a2000-7f96873a9000 r-xp 00000000 08:01 135437                     /lib/x86_64-linux-gnu/librt-2.19.so
7f96873a9000-7f96875a8000 ---p 00007000 08:01 135437                     /lib/x86_64-linux-gnu/librt-2.19.so
7f96875a8000-7f96875a9000 r--p 00006000 08:01 135437                     /lib/x86_64-linux-gnu/librt-2.19.so
7f96875a9000-7f96875aa000 rw-p 00007000 08:01 135437                     /lib/x86_64-linux-gnu/librt-2.19.so
7f96875aa000-7f96876af000 r-xp 00000000 08:01 135423                     /lib/x86_64-linux-gnu/libm-2.19.so
7f96876af000-7f96878ae000 ---p 00105000 08:01 135423                     /lib/x86_64-linux-gnu/libm-2.19.so
7f96878ae000-7f96878af000 r--p 00104000 08:01 135423                     /lib/x86_64-linux-gnu/libm-2.19.so
7f96878af000-7f96878b0000 rw-p 00105000 08:01 135423                     /lib/x86_64-linux-gnu/libm-2.19.so
7f96878b0000-7f9688570000 r-xp 00000000 08:01 3940148                    /usr/lib/jvm/java-8-oracle/jre/lib/amd64/server/libjvm.so
7f9688570000-7f9688770000 ---p 00cc0000 08:01 3940148                    /usr/lib/jvm/java-8-oracle/jre/lib/amd64/server/libjvm.so
7f9688770000-7f9688848000 rw-p 00cc0000 08:01 3940148                    /usr/lib/jvm/java-8-oracle/jre/lib/amd64/server/libjvm.so
7f9688848000-7f9688893000 rw-p 00000000 00:00 0 
7f9688893000-7f9688a4d000 r-xp 00000000 08:01 135438                     /lib/x86_64-linux-gnu/libc-2.19.so
7f9688a4d000-7f9688c4d000 ---p 001ba000 08:01 135438                     /lib/x86_64-linux-gnu/libc-2.19.so
7f9688c4d000-7f9688c51000 r--p 001ba000 08:01 135438                     /lib/x86_64-linux-gnu/libc-2.19.so
7f9688c51000-7f9688c53000 rw-p 001be000 08:01 135438                     /lib/x86_64-linux-gnu/libc-2.19.so
7f9688c53000-7f9688c58000 rw-p 00000000 00:00 0 
7f9688c58000-7f9688c5b000 r-xp 00000000 08:01 135425                     /lib/x86_64-linux-gnu/libdl-2.19.so
7f9688c5b000-7f9688e5a000 ---p 00003000 08:01 135425                     /lib/x86_64-linux-gnu/libdl-2.19.so
7f9688e5a000-7f9688e5b000 r--p 00002000 08:01 135425                     /lib/x86_64-linux-gnu/libdl-2.19.so
7f9688e5b000-7f9688e5c000 rw-p 00003000 08:01 135425                     /lib/x86_64-linux-gnu/libdl-2.19.so
7f9688e5c000-7f9688e71000 r-xp 00000000 08:01 3941495                    /usr/lib/jvm/java-8-oracle/lib/amd64/jli/libjli.so
7f9688e71000-7f9689071000 ---p 00015000 08:01 3941495                    /usr/lib/jvm/java-8-oracle/lib/amd64/jli/libjli.so
7f9689071000-7f9689072000 rw-p 00015000 08:01 3941495                    /usr/lib/jvm/java-8-oracle/lib/amd64/jli/libjli.so
7f9689072000-7f968908b000 r-xp 00000000 08:01 135430                     /lib/x86_64-linux-gnu/libpthread-2.19.so
7f968908b000-7f968928a000 ---p 00019000 08:01 135430                     /lib/x86_64-linux-gnu/libpthread-2.19.so
7f968928a000-7f968928b000 r--p 00018000 08:01 135430                     /lib/x86_64-linux-gnu/libpthread-2.19.so
7f968928b000-7f968928c000 rw-p 00019000 08:01 135430                     /lib/x86_64-linux-gnu/libpthread-2.19.so
7f968928c000-7f9689290000 rw-p 00000000 00:00 0 
7f9689290000-7f96892b3000 r-xp 00000000 08:01 135431                     /lib/x86_64-linux-gnu/ld-2.19.so
7f96892b4000-7f96892b8000 r--s 00097000 08:01 3939905                    /usr/lib/jvm/java-8-oracle/jre/lib/jsse.jar
7f96892b8000-7f968938a000 rw-p 00000000 00:00 0 
7f968938a000-7f968938d000 ---p 00000000 00:00 0 
7f968938d000-7f968948f000 rw-p 00000000 00:00 0                          [stack:14186]
7f9689491000-7f96894a6000 rw-p 00000000 00:00 0 
7f96894a6000-7f96894ae000 rw-s 00000000 08:01 803933                     /tmp/hsperfdata_taher/14181
7f96894ae000-7f96894af000 rw-p 00000000 00:00 0 
7f96894af000-7f96894b0000 ---p 00000000 00:00 0 
7f96894b0000-7f96894b2000 rw-p 00000000 00:00 0 
7f96894b2000-7f96894b3000 r--p 00022000 08:01 135431                     /lib/x86_64-linux-gnu/ld-2.19.so
7f96894b3000-7f96894b4000 rw-p 00023000 08:01 135431                     /lib/x86_64-linux-gnu/ld-2.19.so
7f96894b4000-7f96894b5000 rw-p 00000000 00:00 0 
7ffccecea000-7ffcced0d000 rw-p 00000000 00:00 0                          [stack]
7ffcced75000-7ffcced77000 r-xp 00000000 00:00 0                          [vdso]
ffffffffff600000-ffffffffff601000 r-xp 00000000 00:00 0                  [vsyscall]

VM Arguments:
jvm_args: -Djava.awt.headless=true -Xmx1024M -Dfile.encoding=UTF-8 -Duser.country=US -Duser.language=en -Duser.variant 
java_command: com.android.dx.command.Main --dex --num-threads=4 --output /home/taher/AndroidPackges/SelfieMap/app/build/intermediates/transforms/dex/debug/folders/1000/1f/main /home/taher/AndroidPackges/SelfieMap/app/build/intermediates/pre-dexed/debug/support-annotations-23.4.0_82483fd36765a925750c88cc6383a148ee60f5c2.jar /home/taher/AndroidPackges/SelfieMap/app/build/intermediates/pre-dexed/debug/butterknife-annotations-8.0.1_67f1978ffd3cb92aceb1dfe6d0ab7869b63ac0d5.jar /home/taher/AndroidPackges/SelfieMap/app/build/intermediates/pre-dexed/debug/com.google.android.gms-play-services-panorama-8.4.0_26a23a9b5b67856228e85785f89a9c2a8e1d4d84.jar /home/taher/AndroidPackges/SelfieMap/app/build/intermediates/pre-dexed/debug/com.android.support-animated-vector-drawable-23.4.0_b9d7d246b088e6a66bcf61c672da291145120738.jar /home/taher/AndroidPackges/SelfieMap/app/build/intermediates/pre-dexed/debug/internal_impl-23.0.0_5f4244ca749ccf7aa7c49e81091e12382e0a22b6.jar /home/taher/AndroidPackges/SelfieMap/app/build/intermediates/pre-dexed/debug/com.google.android.gms-play-services-safetynet-8.4.0_39404773c4aa8d78370beda8c20f393c53b5a7d0.jar /home/taher/AndroidPackges/SelfieMap/app/build/intermediates/pre-dexed/debug/com.jakewharton-butterknife-8.0.1_3da28be4530e8a7483e099877ebe6261c66579a6.jar /home/taher/AndroidPackges/SelfieMap/app/build/intermediates/pre-dexed/debug/com.google.android.gms-play-services-identity-8.4.0_8228d669b2112c4ea619ad44b11f765db47236d8.jar /home/taher/AndroidPackges/SelfieMap/app/build/intermediates/pre-dexed/debug/com.google.android.gms-play-services-appinvite-8.4.0_f644a45b56e6ad9e5a712882644e383248b6e917.jar /home/taher/AndroidPackges/SelfieMap/app/build/intermediates/pre-dexed/debug/com.android.support-support-vector-drawable-23.4.0_a5f4aeccfa7c4c29bba4c0d6d297f3ad56b9b23f.jar /home/taher/AndroidPackges/SelfieMap/app/build/intermediates/pre-dexed/debug/com.google.android.gms-play-services-appindexing-8.4.0_ba8002fb939249c9f5cee7bcd9a8e43ae8db8cd3.jar 
java_class_path (initial): /home/taher/Android/Sdk/build-tools/24.0.0/lib/dx.jar
Launcher Type: SUN_STANDARD

Environment Variables:
JAVA_HOME=/usr/lib/jvm/java-8-oracle
PATH=/usr/local/sbin:/usr/local/bin:/usr/sbin:/usr/bin:/sbin:/bin:/usr/games:/usr/local/games:/usr/lib/jvm/java-8-oracle/bin:/usr/lib/jvm/java-8-oracle/db/bin:/usr/lib/jvm/java-8-oracle/jre/bin
SHELL=/bin/bash
DISPLAY=:0

Signal Handlers:
SIGSEGV: [libjvm.so+0xabca10], sa_mask[0]=11111111011111111101111111111110, sa_flags=SA_RESTART|SA_SIGINFO
SIGBUS: [libjvm.so+0xabca10], sa_mask[0]=11111111011111111101111111111110, sa_flags=SA_RESTART|SA_SIGINFO
SIGFPE: [libjvm.so+0x919a20], sa_mask[0]=11111111011111111101111111111110, sa_flags=SA_RESTART|SA_SIGINFO
SIGPIPE: [libjvm.so+0x919a20], sa_mask[0]=11111111011111111101111111111110, sa_flags=SA_RESTART|SA_SIGINFO
SIGXFSZ: [libjvm.so+0x919a20], sa_mask[0]=11111111011111111101111111111110, sa_flags=SA_RESTART|SA_SIGINFO
SIGILL: [libjvm.so+0x919a20], sa_mask[0]=11111111011111111101111111111110, sa_flags=SA_RESTART|SA_SIGINFO
SIGUSR1: SIG_DFL, sa_mask[0]=00000000000000000000000000000000, sa_flags=none
SIGUSR2: [libjvm.so+0x91b050], sa_mask[0]=00100000000000000000000000000000, sa_flags=SA_RESTART|SA_SIGINFO
SIGHUP: [libjvm.so+0x91c450], sa_mask[0]=11111111011111111101111111111110, sa_flags=SA_RESTART|SA_SIGINFO
SIGINT: [libjvm.so+0x91c450], sa_mask[0]=11111111011111111101111111111110, sa_flags=SA_RESTART|SA_SIGINFO
SIGTERM: [libjvm.so+0x91c450], sa_mask[0]=11111111011111111101111111111110, sa_flags=SA_RESTART|SA_SIGINFO
SIGQUIT: [libjvm.so+0x91c450], sa_mask[0]=11111111011111111101111111111110, sa_flags=SA_RESTART|SA_SIGINFO


---------------  S Y S T E M  ---------------

OS:DISTRIB_ID=Ubuntu
DISTRIB_RELEASE=14.04
DISTRIB_CODENAME=trusty
DISTRIB_DESCRIPTION="Ubuntu 14.04 LTS"

uname:Linux 3.13.0-93-generic #140-Ubuntu SMP Mon Jul 18 21:21:05 UTC 2016 x86_64
libc:glibc 2.19 NPTL 2.19 
rlimit: STACK 8192k, CORE 0k, NPROC 45651, NOFILE 4096, AS infinity
load average:2.06 0.93 0.61

/proc/meminfo:
MemTotal:        5864948 kB
MemFree:          129440 kB
Buffers:            2132 kB
Cached:           601576 kB
SwapCached:            0 kB
Active:          4938320 kB
Inactive:         571204 kB
Active(anon):    4911420 kB
Inactive(anon):   547380 kB
Active(file):      26900 kB
Inactive(file):    23824 kB
Unevictable:         112 kB
Mlocked:             112 kB
SwapTotal:             0 kB
SwapFree:              0 kB
Dirty:              6040 kB
Writeback:             0 kB
AnonPages:       4906224 kB
Mapped:           313924 kB
Shmem:            552728 kB
Slab:              82844 kB
SReclaimable:      39768 kB
SUnreclaim:        43076 kB
KernelStack:        6104 kB
PageTables:        50844 kB
NFS_Unstable:          0 kB
Bounce:                0 kB
WritebackTmp:          0 kB
CommitLimit:     2932472 kB
Committed_AS:   11657216 kB
VmallocTotal:   34359738367 kB
VmallocUsed:      603624 kB
VmallocChunk:   34359124084 kB
HardwareCorrupted:     0 kB
AnonHugePages:   2273280 kB
HugePages_Total:       0
HugePages_Free:        0
HugePages_Rsvd:        0
HugePages_Surp:        0
Hugepagesize:       2048 kB
DirectMap4k:      113408 kB
DirectMap2M:     4880384 kB
DirectMap1G:     1048576 kB


CPU:total 4 (2 cores per cpu, 2 threads per core) family 6 model 60 stepping 3, cmov, cx8, fxsr, mmx, sse, sse2, sse3, ssse3, sse4.1, sse4.2, popcnt, avx, avx2, aes, clmul, erms, lzcnt, ht, tsc, tscinvbit, bmi1, bmi2

/proc/cpuinfo:
processor	: 0
vendor_id	: GenuineIntel
cpu family	: 6
model		: 60
model name	: Intel(R) Core(TM) i5-4200M CPU @ 2.50GHz
stepping	: 3
microcode	: 0x9
cpu MHz		: 2501.000
cache size	: 3072 KB
physical id	: 0
siblings	: 4
core id		: 0
cpu cores	: 2
apicid		: 0
initial apicid	: 0
fpu		: yes
fpu_exception	: yes
cpuid level	: 13
wp		: yes
flags		: fpu vme de pse tsc msr pae mce cx8 apic sep mtrr pge mca cmov pat pse36 clflush dts acpi mmx fxsr sse sse2 ss ht tm pbe syscall nx pdpe1gb rdtscp lm constant_tsc arch_perfmon pebs bts rep_good nopl xtopology nonstop_tsc aperfmperf eagerfpu pni pclmulqdq dtes64 monitor ds_cpl vmx est tm2 ssse3 fma cx16 xtpr pdcm pcid sse4_1 sse4_2 movbe popcnt tsc_deadline_timer aes xsave avx f16c rdrand lahf_lm abm ida arat epb xsaveopt pln pts dtherm tpr_shadow vnmi flexpriority ept vpid fsgsbase tsc_adjust bmi1 avx2 smep bmi2 erms invpcid
bogomips	: 4988.67
clflush size	: 64
cache_alignment	: 64
address sizes	: 39 bits physical, 48 bits virtual
power management:

processor	: 1
vendor_id	: GenuineIntel
cpu family	: 6
model		: 60
model name	: Intel(R) Core(TM) i5-4200M CPU @ 2.50GHz
stepping	: 3
microcode	: 0x9
cpu MHz		: 2501.000
cache size	: 3072 KB
physical id	: 0
siblings	: 4
core id		: 0
cpu cores	: 2
apicid		: 1
initial apicid	: 1
fpu		: yes
fpu_exception	: yes
cpuid level	: 13
wp		: yes
flags		: fpu vme de pse tsc msr pae mce cx8 apic sep mtrr pge mca cmov pat pse36 clflush dts acpi mmx fxsr sse sse2 ss ht tm pbe syscall nx pdpe1gb rdtscp lm constant_tsc arch_perfmon pebs bts rep_good nopl xtopology nonstop_tsc aperfmperf eagerfpu pni pclmulqdq dtes64 monitor ds_cpl vmx est tm2 ssse3 fma cx16 xtpr pdcm pcid sse4_1 sse4_2 movbe popcnt tsc_deadline_timer aes xsave avx f16c rdrand lahf_lm abm ida arat epb xsaveopt pln pts dtherm tpr_shadow vnmi flexpriority ept vpid fsgsbase tsc_adjust bmi1 avx2 smep bmi2 erms invpcid
bogomips	: 4988.67
clflush size	: 64
cache_alignment	: 64
address sizes	: 39 bits physical, 48 bits virtual
power management:

processor	: 2
vendor_id	: GenuineIntel
cpu family	: 6
model		: 60
model name	: Intel(R) Core(TM) i5-4200M CPU @ 2.50GHz
stepping	: 3
microcode	: 0x9
cpu MHz		: 800.000
cache size	: 3072 KB
physical id	: 0
siblings	: 4
core id		: 1
cpu cores	: 2
apicid		: 2
initial apicid	: 2
fpu		: yes
fpu_exception	: yes
cpuid level	: 13
wp		: yes
flags		: fpu vme de pse tsc msr pae mce cx8 apic sep mtrr pge mca cmov pat pse36 clflush dts acpi mmx fxsr sse sse2 ss ht tm pbe syscall nx pdpe1gb rdtscp lm constant_tsc arch_perfmon pebs bts rep_good nopl xtopology nonstop_tsc aperfmperf eagerfpu pni pclmulqdq dtes64 monitor ds_cpl vmx est tm2 ssse3 fma cx16 xtpr pdcm pcid sse4_1 sse4_2 movbe popcnt tsc_deadline_timer aes xsave avx f16c rdrand lahf_lm abm ida arat epb xsaveopt pln pts dtherm tpr_shadow vnmi flexpriority ept vpid fsgsbase tsc_adjust bmi1 avx2 smep bmi2 erms invpcid
bogomips	: 4988.67
clflush size	: 64
cache_alignment	: 64
address sizes	: 39 bits physical, 48 bits virtual
power management:

processor	: 3
vendor_id	: GenuineIntel
cpu family	: 6
model		: 60
model name	: Intel(R) Core(TM) i5-4200M CPU @ 2.50GHz
stepping	: 3
microcode	: 0x9
cpu MHz		: 800.000
cache size	: 3072 KB
physical id	: 0
siblings	: 4
core id		: 1
cpu cores	: 2
apicid		: 3
initial apicid	: 3
fpu		: yes
fpu_exception	: yes
cpuid level	: 13
wp		: yes
flags		: fpu vme de pse tsc msr pae mce cx8 apic sep mtrr pge mca cmov pat pse36 clflush dts acpi mmx fxsr sse sse2 ss ht tm pbe syscall nx pdpe1gb rdtscp lm constant_tsc arch_perfmon pebs bts rep_good nopl xtopology nonstop_tsc aperfmperf eagerfpu pni pclmulqdq dtes64 monitor ds_cpl vmx est tm2 ssse3 fma cx16 xtpr pdcm pcid sse4_1 sse4_2 movbe popcnt tsc_deadline_timer aes xsave avx f16c rdrand lahf_lm abm ida arat epb xsaveopt pln pts dtherm tpr_shadow vnmi flexpriority ept vpid fsgsbase tsc_adjust bmi1 avx2 smep bmi2 erms invpcid
bogomips	: 4988.67
clflush size	: 64
cache_alignment	: 64
address sizes	: 39 bits physical, 48 bits virtual
power management:



Memory: 4k page, physical 5864948k(129440k free), swap 0k(0k free)

vm_info: Java HotSpot(TM) 64-Bit Server VM (25.91-b14) for linux-amd64 JRE (1.8.0_91-b14), built on Apr  1 2016 00:57:21 by "java_re" with gcc 4.3.0 20080428 (Red Hat 4.3.0-8)

time: Sun Sep 25 01:21:06 2016
elapsed time: 3 seconds (0d 0h 0m 3s)

