#
# There is insufficient memory for the Java Runtime Environment to continue.
# Native memory allocation (mmap) failed to map 128974848 bytes for committing reserved memory.
# Possible reasons:
#   The system is out of physical RAM or swap space
#   In 32 bit mode, the process size limit was hit
# Possible solutions:
#   Reduce memory load on the system
#   Increase physical memory or swap space
#   Check if swap backing store is full
#   Use 64 bit Java on a 64 bit OS
#   Decrease Java heap size (-Xmx/-Xms)
#   Decrease number of Java threads
#   Decrease Java thread stack sizes (-Xss)
#   Set larger code cache with -XX:ReservedCodeCacheSize=
# This output file may be truncated or incomplete.
#
#  Out of Memory Error (os_linux.cpp:2627), pid=5574, tid=140241165866752
#
# JRE version: Java(TM) SE Runtime Environment (8.0_91-b14) (build 1.8.0_91-b14)
# Java VM: Java HotSpot(TM) 64-Bit Server VM (25.91-b14 mixed mode linux-amd64 compressed oops)
# Failed to write core dump. Core dumps have been disabled. To enable core dumping, try "ulimit -c unlimited" before starting Java again
#

---------------  T H R E A D  ---------------

Current thread (0x00007f8c80078000):  VMThread [stack: 0x00007f8c70cfd000,0x00007f8c70dfe000] [id=5585]

Stack: [0x00007f8c70cfd000,0x00007f8c70dfe000],  sp=0x00007f8c70dfc1e0,  free space=1020k
Native frames: (J=compiled Java code, j=interpreted, Vv=VM code, C=native code)
V  [libjvm.so+0xabc18a]  VMError::report_and_die()+0x2ba
V  [libjvm.so+0x4fafeb]  report_vm_out_of_memory(char const*, int, unsigned long, VMErrorType, char const*)+0x8b
V  [libjvm.so+0x91cbb3]  os::Linux::commit_memory_impl(char*, unsigned long, bool)+0x103
V  [libjvm.so+0x91d109]  os::pd_commit_memory(char*, unsigned long, unsigned long, bool)+0x29
V  [libjvm.so+0x91740a]  os::commit_memory(char*, unsigned long, unsigned long, bool)+0x2a
V  [libjvm.so+0x98b033]  PSVirtualSpace::expand_by(unsigned long)+0x53
V  [libjvm.so+0x98c438]  PSYoungGen::resize_generation(unsigned long, unsigned long)+0xf8
V  [libjvm.so+0x98b592]  PSYoungGen::resize(unsigned long, unsigned long)+0x22
V  [libjvm.so+0x98886b]  PSScavenge::invoke_no_policy()+0xf3b
V  [libjvm.so+0x988ff1]  PSScavenge::invoke()+0x41
V  [libjvm.so+0x9408b0]  ParallelScavengeHeap::failed_mem_allocate(unsigned long)+0x70
V  [libjvm.so+0xabdba7]  VM_ParallelGCFailedAllocation::doit()+0x97
V  [libjvm.so+0xac55d5]  VM_Operation::evaluate()+0x55
V  [libjvm.so+0xac39aa]  VMThread::evaluate_operation(VM_Operation*)+0xba
V  [libjvm.so+0xac3d2e]  VMThread::loop()+0x1ce
V  [libjvm.so+0xac41a0]  VMThread::run()+0x70
V  [libjvm.so+0x91ef78]  java_start(Thread*)+0x108

VM_Operation (0x00007f8c699f7870): ParallelGCFailedAllocation, mode: safepoint, requested by thread 0x00007f8c80158000


---------------  P R O C E S S  ---------------

Java Threads: ( => current thread )
  0x00007f8c80158000 JavaThread "pool-1-thread-4" [_thread_blocked, id=5615, stack(0x00007f8c698f9000,0x00007f8c699fa000)]
  0x00007f8c80155000 JavaThread "pool-1-thread-3" [_thread_blocked, id=5614, stack(0x00007f8c699fa000,0x00007f8c69afb000)]
  0x00007f8c80153000 JavaThread "pool-1-thread-2" [_thread_blocked, id=5613, stack(0x00007f8c69afb000,0x00007f8c69bfc000)]
  0x00007f8c80152000 JavaThread "pool-2-thread-1" [_thread_blocked, id=5612, stack(0x00007f8c69bfc000,0x00007f8c69cfd000)]
  0x00007f8c8014f800 JavaThread "pool-1-thread-1" [_thread_blocked, id=5611, stack(0x00007f8c69cfd000,0x00007f8c69dfe000)]
  0x00007f8c800c1000 JavaThread "Service Thread" daemon [_thread_blocked, id=5600, stack(0x00007f8c69eff000,0x00007f8c6a000000)]
  0x00007f8c800be800 JavaThread "C1 CompilerThread2" daemon [_thread_blocked, id=5599, stack(0x00007f8c70014000,0x00007f8c70115000)]
  0x00007f8c800bc800 JavaThread "C2 CompilerThread1" daemon [_thread_blocked, id=5598, stack(0x00007f8c70115000,0x00007f8c70216000)]
  0x00007f8c800b9800 JavaThread "C2 CompilerThread0" daemon [_thread_blocked, id=5597, stack(0x00007f8c70216000,0x00007f8c70317000)]
  0x00007f8c800b8000 JavaThread "Signal Dispatcher" daemon [_thread_blocked, id=5596, stack(0x00007f8c70317000,0x00007f8c70418000)]
  0x00007f8c80084000 JavaThread "Finalizer" daemon [_thread_blocked, id=5588, stack(0x00007f8c70afb000,0x00007f8c70bfc000)]
  0x00007f8c8007f800 JavaThread "Reference Handler" daemon [_thread_blocked, id=5587, stack(0x00007f8c70bfc000,0x00007f8c70cfd000)]
  0x00007f8c8000a000 JavaThread "main" [_thread_blocked, id=5576, stack(0x00007f8c893be000,0x00007f8c894bf000)]

Other Threads:
=>0x00007f8c80078000 VMThread [stack: 0x00007f8c70cfd000,0x00007f8c70dfe000] [id=5585]
  0x00007f8c800c4000 WatcherThread [stack: 0x00007f8c69dfe000,0x00007f8c69eff000] [id=5601]

VM state:at safepoint (normal execution)

VM Mutex/Monitor currently owned by a thread:  ([mutex/lock_event])
[0x00007f8c800064f0] Threads_lock - owner thread: 0x00007f8c80078000
[0x00007f8c800069f0] Heap_lock - owner thread: 0x00007f8c80158000

Heap:
 PSYoungGen      total 97792K, used 3561K [0x00000000eab00000, 0x00000000f0e00000, 0x0000000100000000)
  eden space 94208K, 0% used [0x00000000eab00000,0x00000000eab00000,0x00000000f0700000)
  from space 3584K, 99% used [0x00000000f0700000,0x00000000f0a7a638,0x00000000f0a80000)
  to   space 3584K, 0% used [0x00000000f0a80000,0x00000000f0a80000,0x00000000f0e00000)
 ParOldGen       total 61440K, used 31936K [0x00000000c0000000, 0x00000000c3c00000, 0x00000000eab00000)
  object space 61440K, 51% used [0x00000000c0000000,0x00000000c1f302d8,0x00000000c3c00000)
 Metaspace       used 6239K, capacity 7152K, committed 7296K, reserved 1056768K
  class space    used 593K, capacity 616K, committed 640K, reserved 1048576K

Card table byte_map: [0x00007f8c85f84000,0x00007f8c86185000] byte_map_base: 0x00007f8c85984000

Marking Bits: (ParMarkBitMap*) 0x00007f8c8889ad60
 Begin Bits: [0x00007f8c6a000000, 0x00007f8c6b000000)
 End Bits:   [0x00007f8c6b000000, 0x00007f8c6c000000)

Polling page: 0x00007f8c894e3000

CodeCache: size=245760Kb used=7974Kb max_used=7974Kb free=237785Kb
 bounds [0x00007f8c71000000, 0x00007f8c717d0000, 0x00007f8c80000000]
 total_blobs=2155 nmethods=1886 adapters=182
 compilation: enabled

Compilation events (10 events):
Event: 123.081 Thread 0x00007f8c800be800 nmethod 2030 0x00007f8c717cc490 code [0x00007f8c717cc600, 0x00007f8c717cc848]
Event: 123.081 Thread 0x00007f8c800be800 1983       3       com.android.dx.cf.direct.MemberListParser::getEndOffset (9 bytes)
Event: 123.081 Thread 0x00007f8c800be800 nmethod 1983 0x00007f8c717cc950 code [0x00007f8c717ccac0, 0x00007f8c717ccd88]
Event: 123.081 Thread 0x00007f8c800be800 1984       3       com.android.dx.cf.direct.DirectClassFile::getMagic0 (9 bytes)
Event: 123.081 Thread 0x00007f8c800be800 nmethod 1984 0x00007f8c717cce50 code [0x00007f8c717ccfc0, 0x00007f8c717cd1e8]
Event: 123.081 Thread 0x00007f8c800be800 1985       3       java.util.concurrent.AbstractExecutorService::submit (25 bytes)
Event: 123.081 Thread 0x00007f8c800be800 nmethod 1985 0x00007f8c717cd290 code [0x00007f8c717cd440, 0x00007f8c717cda48]
Event: 123.081 Thread 0x00007f8c800be800 1986       3       java.util.concurrent.AbstractExecutorService::newTaskFor (9 bytes)
Event: 123.081 Thread 0x00007f8c800be800 nmethod 1986 0x00007f8c717cdcd0 code [0x00007f8c717cde60, 0x00007f8c717ce1e8]
Event: 123.081 Thread 0x00007f8c800be800 2021   !   3       java.util.concurrent.ThreadPoolExecutor::getTask (179 bytes)

GC Heap History (9 events):
Event: 1.629 GC heap before
{Heap before GC invocations=1 (full 0):
 PSYoungGen      total 27136K, used 23552K [0x00000000eab00000, 0x00000000ec900000, 0x0000000100000000)
  eden space 23552K, 100% used [0x00000000eab00000,0x00000000ec200000,0x00000000ec200000)
  from space 3584K, 0% used [0x00000000ec580000,0x00000000ec580000,0x00000000ec900000)
  to   space 3584K, 0% used [0x00000000ec200000,0x00000000ec200000,0x00000000ec580000)
 ParOldGen       total 61440K, used 86K [0x00000000c0000000, 0x00000000c3c00000, 0x00000000eab00000)
  object space 61440K, 0% used [0x00000000c0000000,0x00000000c00158d0,0x00000000c3c00000)
 Metaspace       used 5693K, capacity 6704K, committed 6784K, reserved 1056768K
  class space    used 591K, capacity 616K, committed 640K, reserved 1048576K
Event: 1.649 GC heap after
Heap after GC invocations=1 (full 0):
 PSYoungGen      total 27136K, used 3576K [0x00000000eab00000, 0x00000000ee000000, 0x0000000100000000)
  eden space 23552K, 0% used [0x00000000eab00000,0x00000000eab00000,0x00000000ec200000)
  from space 3584K, 99% used [0x00000000ec200000,0x00000000ec57e068,0x00000000ec580000)
  to   space 3584K, 0% used [0x00000000edc80000,0x00000000edc80000,0x00000000ee000000)
 ParOldGen       total 61440K, used 866K [0x00000000c0000000, 0x00000000c3c00000, 0x00000000eab00000)
  object space 61440K, 1% used [0x00000000c0000000,0x00000000c00d8898,0x00000000c3c00000)
 Metaspace       used 5693K, capacity 6704K, committed 6784K, reserved 1056768K
  class space    used 591K, capacity 616K, committed 640K, reserved 1048576K
}
Event: 2.758 GC heap before
{Heap before GC invocations=2 (full 0):
 PSYoungGen      total 27136K, used 27128K [0x00000000eab00000, 0x00000000ee000000, 0x0000000100000000)
  eden space 23552K, 100% used [0x00000000eab00000,0x00000000ec200000,0x00000000ec200000)
  from space 3584K, 99% used [0x00000000ec200000,0x00000000ec57e068,0x00000000ec580000)
  to   space 3584K, 0% used [0x00000000edc80000,0x00000000edc80000,0x00000000ee000000)
 ParOldGen       total 61440K, used 868K [0x00000000c0000000, 0x00000000c3c00000, 0x00000000eab00000)
  object space 61440K, 1% used [0x00000000c0000000,0x00000000c00d9318,0x00000000c3c00000)
 Metaspace       used 5803K, capacity 6768K, committed 7040K, reserved 1056768K
  class space    used 592K, capacity 616K, committed 640K, reserved 1048576K
Event: 2.795 GC heap after
Heap after GC invocations=2 (full 0):
 PSYoungGen      total 50688K, used 3559K [0x00000000eab00000, 0x00000000ee000000, 0x0000000100000000)
  eden space 47104K, 0% used [0x00000000eab00000,0x00000000eab00000,0x00000000ed900000)
  from space 3584K, 99% used [0x00000000edc80000,0x00000000edff9c98,0x00000000ee000000)
  to   space 3584K, 0% used [0x00000000ed900000,0x00000000ed900000,0x00000000edc80000)
 ParOldGen       total 61440K, used 3432K [0x00000000c0000000, 0x00000000c3c00000, 0x00000000eab00000)
  object space 61440K, 5% used [0x00000000c0000000,0x00000000c035a310,0x00000000c3c00000)
 Metaspace       used 5803K, capacity 6768K, committed 7040K, reserved 1056768K
  class space    used 592K, capacity 616K, committed 640K, reserved 1048576K
}
Event: 3.943 GC heap before
{Heap before GC invocations=3 (full 0):
 PSYoungGen      total 50688K, used 50663K [0x00000000eab00000, 0x00000000ee000000, 0x0000000100000000)
  eden space 47104K, 100% used [0x00000000eab00000,0x00000000ed900000,0x00000000ed900000)
  from space 3584K, 99% used [0x00000000edc80000,0x00000000edff9c98,0x00000000ee000000)
  to   space 3584K, 0% used [0x00000000ed900000,0x00000000ed900000,0x00000000edc80000)
 ParOldGen       total 61440K, used 3432K [0x00000000c0000000, 0x00000000c3c00000, 0x00000000eab00000)
  object space 61440K, 5% used [0x00000000c0000000,0x00000000c035a310,0x00000000c3c00000)
 Metaspace       used 5866K, capacity 6832K, committed 7040K, reserved 1056768K
  class space    used 593K, capacity 616K, committed 640K, reserved 1048576K
Event: 3.993 GC heap after
Heap after GC invocations=3 (full 0):
 PSYoungGen      total 50688K, used 3562K [0x00000000eab00000, 0x00000000f0e00000, 0x0000000100000000)
  eden space 47104K, 0% used [0x00000000eab00000,0x00000000eab00000,0x00000000ed900000)
  from space 3584K, 99% used [0x00000000ed900000,0x00000000edc7ab38,0x00000000edc80000)
  to   space 3584K, 0% used [0x00000000f0a80000,0x00000000f0a80000,0x00000000f0e00000)
 ParOldGen       total 61440K, used 10566K [0x00000000c0000000, 0x00000000c3c00000, 0x00000000eab00000)
  object space 61440K, 17% used [0x00000000c0000000,0x00000000c0a51bb8,0x00000000c3c00000)
 Metaspace       used 5866K, capacity 6832K, committed 7040K, reserved 1056768K
  class space    used 593K, capacity 616K, committed 640K, reserved 1048576K
}
Event: 121.993 GC heap before
{Heap before GC invocations=4 (full 0):
 PSYoungGen      total 50688K, used 50666K [0x00000000eab00000, 0x00000000f0e00000, 0x0000000100000000)
  eden space 47104K, 100% used [0x00000000eab00000,0x00000000ed900000,0x00000000ed900000)
  from space 3584K, 99% used [0x00000000ed900000,0x00000000edc7ab38,0x00000000edc80000)
  to   space 3584K, 0% used [0x00000000f0a80000,0x00000000f0a80000,0x00000000f0e00000)
 ParOldGen       total 61440K, used 10566K [0x00000000c0000000, 0x00000000c3c00000, 0x00000000eab00000)
  object space 61440K, 17% used [0x00000000c0000000,0x00000000c0a51bb8,0x00000000c3c00000)
 Metaspace       used 6094K, capacity 7024K, committed 7296K, reserved 1056768K
  class space    used 593K, capacity 616K, committed 640K, reserved 1048576K
Event: 122.088 GC heap after
Heap after GC invocations=4 (full 0):
 PSYoungGen      total 97792K, used 3578K [0x00000000eab00000, 0x00000000f0e00000, 0x0000000100000000)
  eden space 94208K, 0% used [0x00000000eab00000,0x00000000eab00000,0x00000000f0700000)
  from space 3584K, 99% used [0x00000000f0a80000,0x00000000f0dfeb58,0x00000000f0e00000)
  to   space 3584K, 0% used [0x00000000f0700000,0x00000000f0700000,0x00000000f0a80000)
 ParOldGen       total 61440K, used 18069K [0x00000000c0000000, 0x00000000c3c00000, 0x00000000eab00000)
  object space 61440K, 29% used [0x00000000c0000000,0x00000000c11a54f0,0x00000000c3c00000)
 Metaspace       used 6094K, capacity 7024K, committed 7296K, reserved 1056768K
  class space    used 593K, capacity 616K, committed 640K, reserved 1048576K
}
Event: 123.088 GC heap before
{Heap before GC invocations=5 (full 0):
 PSYoungGen      total 97792K, used 97786K [0x00000000eab00000, 0x00000000f0e00000, 0x0000000100000000)
  eden space 94208K, 100% used [0x00000000eab00000,0x00000000f0700000,0x00000000f0700000)
  from space 3584K, 99% used [0x00000000f0a80000,0x00000000f0dfeb58,0x00000000f0e00000)
  to   space 3584K, 0% used [0x00000000f0700000,0x00000000f0700000,0x00000000f0a80000)
 ParOldGen       total 61440K, used 18069K [0x00000000c0000000, 0x00000000c3c00000, 0x00000000eab00000)
  object space 61440K, 29% used [0x00000000c0000000,0x00000000c11a54f0,0x00000000c3c00000)
 Metaspace       used 6239K, capacity 7152K, committed 7296K, reserved 1056768K
  class space    used 593K, capacity 616K, committed 640K, reserved 1048576K

Deoptimization events (10 events):
Event: 121.932 Thread 0x00007f8c80158000 Uncommon trap: reason=unstable_if action=reinterpret pc=0x00007f8c7120df90 method=java.util.HashMap.getNode(ILjava/lang/Object;)Ljava/util/HashMap$Node; @ 84
Event: 121.933 Thread 0x00007f8c80158000 Uncommon trap: reason=unstable_if action=reinterpret pc=0x00007f8c7122a750 method=java.util.HashMap.getNode(ILjava/lang/Object;)Ljava/util/HashMap$Node; @ 84
Event: 121.940 Thread 0x00007f8c80153000 Uncommon trap: reason=unstable_if action=reinterpret pc=0x00007f8c71472a90 method=com.android.dx.cf.code.ExecutionStack.<init>(I)V @ 2
Event: 122.276 Thread 0x00007f8c80155000 Uncommon trap: reason=bimorphic action=maybe_recompile pc=0x00007f8c715b7590 method=java.util.HashMap.getNode(ILjava/lang/Object;)Ljava/util/HashMap$Node; @ 126
Event: 122.276 Thread 0x00007f8c80155000 Uncommon trap: reason=bimorphic action=maybe_recompile pc=0x00007f8c715b7590 method=java.util.HashMap.getNode(ILjava/lang/Object;)Ljava/util/HashMap$Node; @ 126
Event: 122.282 Thread 0x00007f8c80155000 Uncommon trap: reason=bimorphic action=maybe_recompile pc=0x00007f8c715b7590 method=java.util.HashMap.getNode(ILjava/lang/Object;)Ljava/util/HashMap$Node; @ 126
Event: 122.283 Thread 0x00007f8c80155000 Uncommon trap: reason=bimorphic action=maybe_recompile pc=0x00007f8c715b7590 method=java.util.HashMap.getNode(ILjava/lang/Object;)Ljava/util/HashMap$Node; @ 126
Event: 122.608 Thread 0x00007f8c80158000 Uncommon trap: reason=unstable_if action=reinterpret pc=0x00007f8c7168ca14 method=com.android.dx.cf.code.Merger.mergeType(Lcom/android/dx/rop/type/TypeBearer;Lcom/android/dx/rop/type/TypeBearer;)Lcom/android/dx/rop/type/TypeBearer; @ 68
Event: 123.041 Thread 0x00007f8c80158000 Uncommon trap: reason=bimorphic action=maybe_recompile pc=0x00007f8c71679f14 method=com.android.dx.cf.code.BytecodeArray.parseInstruction(ILcom/android/dx/cf/code/BytecodeArray$Visitor;)I @ 1501
Event: 123.041 Thread 0x00007f8c80158000 Uncommon trap: reason=bimorphic action=maybe_recompile pc=0x00007f8c71679f14 method=com.android.dx.cf.code.BytecodeArray.parseInstruction(ILcom/android/dx/cf/code/BytecodeArray$Visitor;)I @ 1501

Internal exceptions (3 events):
Event: 0.067 Thread 0x00007f8c8000a000 Exception <a 'java/lang/NoSuchMethodError': Method sun.misc.Unsafe.defineClass(Ljava/lang/String;[BII)Ljava/lang/Class; name or signature does not match> (0x00000000eab07cc0) thrown at [/HUDSON/workspace/8-2-build-linux-amd64/jdk8u91/6644/hotspot/src/shar
Event: 0.067 Thread 0x00007f8c8000a000 Exception <a 'java/lang/NoSuchMethodError': Method sun.misc.Unsafe.prefetchRead(Ljava/lang/Object;J)V name or signature does not match> (0x00000000eab07fa8) thrown at [/HUDSON/workspace/8-2-build-linux-amd64/jdk8u91/6644/hotspot/src/share/vm/prims/jni.cpp
Event: 3.494 Thread 0x00007f8c80158000 Implicit null exception at 0x00007f8c712b3c62 to 0x00007f8c712b3d5b

Events (10 events):
Event: 123.041 Thread 0x00007f8c80158000 Uncommon trap: trap_request=0xffffffc6 fr.pc=0x00007f8c71679f14
Event: 123.041 Thread 0x00007f8c80158000 DEOPT PACKING pc=0x00007f8c71679f14 sp=0x00007f8c699f78b0
Event: 123.041 Thread 0x00007f8c80158000 DEOPT UNPACKING pc=0x00007f8c71005229 sp=0x00007f8c699f7890 mode 2
Event: 123.067 Thread 0x00007f8c80155000 DEOPT PACKING pc=0x00007f8c71528a2c sp=0x00007f8c69af8d70
Event: 123.067 Thread 0x00007f8c80155000 DEOPT UNPACKING pc=0x00007f8c71047633 sp=0x00007f8c69af8b58 mode 0
Event: 123.067 Thread 0x00007f8c80155000 DEOPT PACKING pc=0x00007f8c715297ed sp=0x00007f8c69af8ee0
Event: 123.067 Thread 0x00007f8c80155000 DEOPT UNPACKING pc=0x00007f8c71047633 sp=0x00007f8c69af8c38 mode 0
Event: 123.068 Thread 0x00007f8c80155000 DEOPT PACKING pc=0x00007f8c714ef14b sp=0x00007f8c69af8d40
Event: 123.068 Thread 0x00007f8c80155000 DEOPT UNPACKING pc=0x00007f8c71047633 sp=0x00007f8c69af8ae0 mode 0
Event: 123.083 Executing VM operation: ParallelGCFailedAllocation


Dynamic libraries:
00400000-00401000 r-xp 00000000 08:01 3941548                            /usr/lib/jvm/java-8-oracle/bin/java
00600000-00601000 rw-p 00000000 08:01 3941548                            /usr/lib/jvm/java-8-oracle/bin/java
00773000-00794000 rw-p 00000000 00:00 0                                  [heap]
c0000000-c3c00000 rw-p 00000000 00:00 0 
c3c00000-eab00000 ---p 00000000 00:00 0 
eab00000-f0e00000 rw-p 00000000 00:00 0 
f8900000-100000000 ---p 00000000 00:00 0 
100000000-1000a0000 rw-p 00000000 00:00 0 
1000a0000-140000000 ---p 00000000 00:00 0 
7f8c1c000000-7f8c1c021000 rw-p 00000000 00:00 0 
7f8c1c021000-7f8c20000000 ---p 00000000 00:00 0 
7f8c24000000-7f8c2402b000 rw-p 00000000 00:00 0 
7f8c2402b000-7f8c28000000 ---p 00000000 00:00 0 
7f8c28000000-7f8c2803e000 rw-p 00000000 00:00 0 
7f8c2803e000-7f8c2c000000 ---p 00000000 00:00 0 
7f8c2c000000-7f8c2c02e000 rw-p 00000000 00:00 0 
7f8c2c02e000-7f8c30000000 ---p 00000000 00:00 0 
7f8c30000000-7f8c30021000 rw-p 00000000 00:00 0 
7f8c30021000-7f8c34000000 ---p 00000000 00:00 0 
7f8c34000000-7f8c34021000 rw-p 00000000 00:00 0 
7f8c34021000-7f8c38000000 ---p 00000000 00:00 0 
7f8c38000000-7f8c38021000 rw-p 00000000 00:00 0 
7f8c38021000-7f8c3c000000 ---p 00000000 00:00 0 
7f8c3c000000-7f8c3d27b000 rw-p 00000000 00:00 0 
7f8c3d27b000-7f8c40000000 ---p 00000000 00:00 0 
7f8c40000000-7f8c406fc000 rw-p 00000000 00:00 0 
7f8c406fc000-7f8c44000000 ---p 00000000 00:00 0 
7f8c44000000-7f8c44021000 rw-p 00000000 00:00 0 
7f8c44021000-7f8c48000000 ---p 00000000 00:00 0 
7f8c48000000-7f8c49267000 rw-p 00000000 00:00 0 
7f8c49267000-7f8c4c000000 ---p 00000000 00:00 0 
7f8c4c000000-7f8c4c021000 rw-p 00000000 00:00 0 
7f8c4c021000-7f8c50000000 ---p 00000000 00:00 0 
7f8c50000000-7f8c50021000 rw-p 00000000 00:00 0 
7f8c50021000-7f8c54000000 ---p 00000000 00:00 0 
7f8c54000000-7f8c54021000 rw-p 00000000 00:00 0 
7f8c54021000-7f8c58000000 ---p 00000000 00:00 0 
7f8c5c000000-7f8c5c021000 rw-p 00000000 00:00 0 
7f8c5c021000-7f8c60000000 ---p 00000000 00:00 0 
7f8c60000000-7f8c6028c000 rw-p 00000000 00:00 0 
7f8c6028c000-7f8c64000000 ---p 00000000 00:00 0 
7f8c64000000-7f8c64021000 rw-p 00000000 00:00 0 
7f8c64021000-7f8c68000000 ---p 00000000 00:00 0 
7f8c698f9000-7f8c698fc000 ---p 00000000 00:00 0 
7f8c698fc000-7f8c699fa000 rw-p 00000000 00:00 0                          [stack:5615]
7f8c699fa000-7f8c699fd000 ---p 00000000 00:00 0 
7f8c699fd000-7f8c69afb000 rw-p 00000000 00:00 0                          [stack:5614]
7f8c69afb000-7f8c69afe000 ---p 00000000 00:00 0 
7f8c69afe000-7f8c69bfc000 rw-p 00000000 00:00 0                          [stack:5613]
7f8c69bfc000-7f8c69bff000 ---p 00000000 00:00 0 
7f8c69bff000-7f8c69cfd000 rw-p 00000000 00:00 0                          [stack:5612]
7f8c69cfd000-7f8c69d00000 ---p 00000000 00:00 0 
7f8c69d00000-7f8c69dfe000 rw-p 00000000 00:00 0                          [stack:5611]
7f8c69dfe000-7f8c69dff000 ---p 00000000 00:00 0 
7f8c69dff000-7f8c69eff000 rw-p 00000000 00:00 0                          [stack:5601]
7f8c69eff000-7f8c69f02000 ---p 00000000 00:00 0 
7f8c69f02000-7f8c6c000000 rw-p 00000000 00:00 0                          [stack:5600]
7f8c6c000000-7f8c6c021000 rw-p 00000000 00:00 0 
7f8c6c021000-7f8c70000000 ---p 00000000 00:00 0 
7f8c70014000-7f8c70017000 ---p 00000000 00:00 0 
7f8c70017000-7f8c70115000 rw-p 00000000 00:00 0                          [stack:5599]
7f8c70115000-7f8c70118000 ---p 00000000 00:00 0 
7f8c70118000-7f8c70216000 rw-p 00000000 00:00 0                          [stack:5598]
7f8c70216000-7f8c70219000 ---p 00000000 00:00 0 
7f8c70219000-7f8c70317000 rw-p 00000000 00:00 0                          [stack:5597]
7f8c70317000-7f8c7031a000 ---p 00000000 00:00 0 
7f8c7031a000-7f8c70418000 rw-p 00000000 00:00 0                          [stack:5596]
7f8c70418000-7f8c70afb000 r--p 00000000 08:01 3677197                    /usr/lib/locale/locale-archive
7f8c70afb000-7f8c70afe000 ---p 00000000 00:00 0 
7f8c70afe000-7f8c70bfc000 rw-p 00000000 00:00 0                          [stack:5588]
7f8c70bfc000-7f8c70bff000 ---p 00000000 00:00 0 
7f8c70bff000-7f8c70cfd000 rw-p 00000000 00:00 0                          [stack:5587]
7f8c70cfd000-7f8c70cfe000 ---p 00000000 00:00 0 
7f8c70cfe000-7f8c71000000 rw-p 00000000 00:00 0                          [stack:5585]
7f8c71000000-7f8c717d0000 rwxp 00000000 00:00 0 
7f8c717d0000-7f8c80000000 ---p 00000000 00:00 0 
7f8c80000000-7f8c803aa000 rw-p 00000000 00:00 0 
7f8c803aa000-7f8c84000000 ---p 00000000 00:00 0 
7f8c8400e000-7f8c8401b000 r--s 0006e000 08:01 1203875                    /home/taher/AndroidPackges/SelfieMap/app/build/intermediates/exploded-aar/com.google.android.gms/play-services-basement/8.4.0/jars/classes.jar
7f8c8401b000-7f8c84029000 r--s 000e0000 08:01 1718598                    /home/taher/Android/Sdk/build-tools/24.0.0/lib/dx.jar
7f8c84029000-7f8c84ddb000 rw-p 00000000 00:00 0 
7f8c84ddb000-7f8c84fb4000 r--s 03d1f000 08:01 3940085                    /usr/lib/jvm/java-8-oracle/jre/lib/rt.jar
7f8c84fb4000-7f8c856aa000 rw-p 00000000 00:00 0 
7f8c856aa000-7f8c8582a000 ---p 00000000 00:00 0 
7f8c8582a000-7f8c85a2a000 rw-p 00000000 00:00 0 
7f8c85a2a000-7f8c85a2b000 ---p 00000000 00:00 0 
7f8c85a2b000-7f8c85b2b000 rw-p 00000000 00:00 0                          [stack:5582]
7f8c85b2b000-7f8c85b2c000 ---p 00000000 00:00 0 
7f8c85b2c000-7f8c85c2c000 rw-p 00000000 00:00 0                          [stack:5581]
7f8c85c2c000-7f8c85c2d000 ---p 00000000 00:00 0 
7f8c85c2d000-7f8c85d2d000 rw-p 00000000 00:00 0                          [stack:5580]
7f8c85d2d000-7f8c85d2e000 ---p 00000000 00:00 0 
7f8c85d2e000-7f8c85e4c000 rw-p 00000000 00:00 0                          [stack:5579]
7f8c85e4c000-7f8c85f84000 ---p 00000000 00:00 0 
7f8c85f84000-7f8c85fa2000 rw-p 00000000 00:00 0 
7f8c85fa2000-7f8c860d9000 ---p 00000000 00:00 0 
7f8c860d9000-7f8c8610b000 rw-p 00000000 00:00 0 
7f8c8610b000-7f8c86184000 ---p 00000000 00:00 0 
7f8c86184000-7f8c861a5000 rw-p 00000000 00:00 0 
7f8c861a5000-7f8c86545000 ---p 00000000 00:00 0 
7f8c86545000-7f8c8655f000 r-xp 00000000 08:01 3940178                    /usr/lib/jvm/java-8-oracle/jre/lib/amd64/libzip.so
7f8c8655f000-7f8c8675f000 ---p 0001a000 08:01 3940178                    /usr/lib/jvm/java-8-oracle/jre/lib/amd64/libzip.so
7f8c8675f000-7f8c86760000 rw-p 0001a000 08:01 3940178                    /usr/lib/jvm/java-8-oracle/jre/lib/amd64/libzip.so
7f8c86760000-7f8c8676a000 r-xp 00000000 08:01 135441                     /lib/x86_64-linux-gnu/libnss_files-2.19.so
7f8c8676a000-7f8c86969000 ---p 0000a000 08:01 135441                     /lib/x86_64-linux-gnu/libnss_files-2.19.so
7f8c86969000-7f8c8696a000 r--p 00009000 08:01 135441                     /lib/x86_64-linux-gnu/libnss_files-2.19.so
7f8c8696a000-7f8c8696b000 rw-p 0000a000 08:01 135441                     /lib/x86_64-linux-gnu/libnss_files-2.19.so
7f8c8696b000-7f8c86976000 r-xp 00000000 08:01 135433                     /lib/x86_64-linux-gnu/libnss_nis-2.19.so
7f8c86976000-7f8c86b75000 ---p 0000b000 08:01 135433                     /lib/x86_64-linux-gnu/libnss_nis-2.19.so
7f8c86b75000-7f8c86b76000 r--p 0000a000 08:01 135433                     /lib/x86_64-linux-gnu/libnss_nis-2.19.so
7f8c86b76000-7f8c86b77000 rw-p 0000b000 08:01 135433                     /lib/x86_64-linux-gnu/libnss_nis-2.19.so
7f8c86b77000-7f8c86b8e000 r-xp 00000000 08:01 135429                     /lib/x86_64-linux-gnu/libnsl-2.19.so
7f8c86b8e000-7f8c86d8d000 ---p 00017000 08:01 135429                     /lib/x86_64-linux-gnu/libnsl-2.19.so
7f8c86d8d000-7f8c86d8e000 r--p 00016000 08:01 135429                     /lib/x86_64-linux-gnu/libnsl-2.19.so
7f8c86d8e000-7f8c86d8f000 rw-p 00017000 08:01 135429                     /lib/x86_64-linux-gnu/libnsl-2.19.so
7f8c86d8f000-7f8c86d91000 rw-p 00000000 00:00 0 
7f8c86d91000-7f8c86d9a000 r-xp 00000000 08:01 135428                     /lib/x86_64-linux-gnu/libnss_compat-2.19.so
7f8c86d9a000-7f8c86f99000 ---p 00009000 08:01 135428                     /lib/x86_64-linux-gnu/libnss_compat-2.19.so
7f8c86f99000-7f8c86f9a000 r--p 00008000 08:01 135428                     /lib/x86_64-linux-gnu/libnss_compat-2.19.so
7f8c86f9a000-7f8c86f9b000 rw-p 00009000 08:01 135428                     /lib/x86_64-linux-gnu/libnss_compat-2.19.so
7f8c86f9b000-7f8c86fc5000 r-xp 00000000 08:01 3940180                    /usr/lib/jvm/java-8-oracle/jre/lib/amd64/libjava.so
7f8c86fc5000-7f8c871c5000 ---p 0002a000 08:01 3940180                    /usr/lib/jvm/java-8-oracle/jre/lib/amd64/libjava.so
7f8c871c5000-7f8c871c7000 rw-p 0002a000 08:01 3940180                    /usr/lib/jvm/java-8-oracle/jre/lib/amd64/libjava.so
7f8c871c7000-7f8c871d4000 r-xp 00000000 08:01 3940138                    /usr/lib/jvm/java-8-oracle/jre/lib/amd64/libverify.so
7f8c871d4000-7f8c873d4000 ---p 0000d000 08:01 3940138                    /usr/lib/jvm/java-8-oracle/jre/lib/amd64/libverify.so
7f8c873d4000-7f8c873d6000 rw-p 0000d000 08:01 3940138                    /usr/lib/jvm/java-8-oracle/jre/lib/amd64/libverify.so
7f8c873d6000-7f8c873dd000 r-xp 00000000 08:01 135437                     /lib/x86_64-linux-gnu/librt-2.19.so
7f8c873dd000-7f8c875dc000 ---p 00007000 08:01 135437                     /lib/x86_64-linux-gnu/librt-2.19.so
7f8c875dc000-7f8c875dd000 r--p 00006000 08:01 135437                     /lib/x86_64-linux-gnu/librt-2.19.so
7f8c875dd000-7f8c875de000 rw-p 00007000 08:01 135437                     /lib/x86_64-linux-gnu/librt-2.19.so
7f8c875de000-7f8c876e3000 r-xp 00000000 08:01 135423                     /lib/x86_64-linux-gnu/libm-2.19.so
7f8c876e3000-7f8c878e2000 ---p 00105000 08:01 135423                     /lib/x86_64-linux-gnu/libm-2.19.so
7f8c878e2000-7f8c878e3000 r--p 00104000 08:01 135423                     /lib/x86_64-linux-gnu/libm-2.19.so
7f8c878e3000-7f8c878e4000 rw-p 00105000 08:01 135423                     /lib/x86_64-linux-gnu/libm-2.19.so
7f8c878e4000-7f8c885a4000 r-xp 00000000 08:01 3940148                    /usr/lib/jvm/java-8-oracle/jre/lib/amd64/server/libjvm.so
7f8c885a4000-7f8c887a4000 ---p 00cc0000 08:01 3940148                    /usr/lib/jvm/java-8-oracle/jre/lib/amd64/server/libjvm.so
7f8c887a4000-7f8c8887c000 rw-p 00cc0000 08:01 3940148                    /usr/lib/jvm/java-8-oracle/jre/lib/amd64/server/libjvm.so
7f8c8887c000-7f8c888c7000 rw-p 00000000 00:00 0 
7f8c888c7000-7f8c88a81000 r-xp 00000000 08:01 135438                     /lib/x86_64-linux-gnu/libc-2.19.so
7f8c88a81000-7f8c88c81000 ---p 001ba000 08:01 135438                     /lib/x86_64-linux-gnu/libc-2.19.so
7f8c88c81000-7f8c88c85000 r--p 001ba000 08:01 135438                     /lib/x86_64-linux-gnu/libc-2.19.so
7f8c88c85000-7f8c88c87000 rw-p 001be000 08:01 135438                     /lib/x86_64-linux-gnu/libc-2.19.so
7f8c88c87000-7f8c88c8c000 rw-p 00000000 00:00 0 
7f8c88c8c000-7f8c88c8f000 r-xp 00000000 08:01 135425                     /lib/x86_64-linux-gnu/libdl-2.19.so
7f8c88c8f000-7f8c88e8e000 ---p 00003000 08:01 135425                     /lib/x86_64-linux-gnu/libdl-2.19.so
7f8c88e8e000-7f8c88e8f000 r--p 00002000 08:01 135425                     /lib/x86_64-linux-gnu/libdl-2.19.so
7f8c88e8f000-7f8c88e90000 rw-p 00003000 08:01 135425                     /lib/x86_64-linux-gnu/libdl-2.19.so
7f8c88e90000-7f8c88ea5000 r-xp 00000000 08:01 3941495                    /usr/lib/jvm/java-8-oracle/lib/amd64/jli/libjli.so
7f8c88ea5000-7f8c890a5000 ---p 00015000 08:01 3941495                    /usr/lib/jvm/java-8-oracle/lib/amd64/jli/libjli.so
7f8c890a5000-7f8c890a6000 rw-p 00015000 08:01 3941495                    /usr/lib/jvm/java-8-oracle/lib/amd64/jli/libjli.so
7f8c890a6000-7f8c890bf000 r-xp 00000000 08:01 135430                     /lib/x86_64-linux-gnu/libpthread-2.19.so
7f8c890bf000-7f8c892be000 ---p 00019000 08:01 135430                     /lib/x86_64-linux-gnu/libpthread-2.19.so
7f8c892be000-7f8c892bf000 r--p 00018000 08:01 135430                     /lib/x86_64-linux-gnu/libpthread-2.19.so
7f8c892bf000-7f8c892c0000 rw-p 00019000 08:01 135430                     /lib/x86_64-linux-gnu/libpthread-2.19.so
7f8c892c0000-7f8c892c4000 rw-p 00000000 00:00 0 
7f8c892c4000-7f8c892e7000 r-xp 00000000 08:01 135431                     /lib/x86_64-linux-gnu/ld-2.19.so
7f8c892ec000-7f8c893be000 rw-p 00000000 00:00 0 
7f8c893be000-7f8c893c1000 ---p 00000000 00:00 0 
7f8c893c1000-7f8c894c3000 rw-p 00000000 00:00 0                          [stack:5576]
7f8c894c5000-7f8c894da000 rw-p 00000000 00:00 0 
7f8c894da000-7f8c894e2000 rw-s 00000000 08:01 803934                     /tmp/hsperfdata_taher/5574
7f8c894e2000-7f8c894e3000 rw-p 00000000 00:00 0 
7f8c894e3000-7f8c894e4000 ---p 00000000 00:00 0 
7f8c894e4000-7f8c894e6000 rw-p 00000000 00:00 0 
7f8c894e6000-7f8c894e7000 r--p 00022000 08:01 135431                     /lib/x86_64-linux-gnu/ld-2.19.so
7f8c894e7000-7f8c894e8000 rw-p 00023000 08:01 135431                     /lib/x86_64-linux-gnu/ld-2.19.so
7f8c894e8000-7f8c894e9000 rw-p 00000000 00:00 0 
7ffc10498000-7ffc104b9000 rw-p 00000000 00:00 0                          [stack]
7ffc10535000-7ffc10537000 r-xp 00000000 00:00 0                          [vdso]
ffffffffff600000-ffffffffff601000 r-xp 00000000 00:00 0                  [vsyscall]

VM Arguments:
jvm_args: -Djava.awt.headless=true -Xmx1024M -Dfile.encoding=UTF-8 -Duser.country=US -Duser.language=en -Duser.variant 
java_command: com.android.dx.command.Main --dex --num-threads=4 --output /home/taher/AndroidPackges/SelfieMap/app/build/intermediates/pre-dexed/debug/com.google.android.gms-play-services-basement-8.4.0_3a55f4dc8b296ea8d1b8bd54bfb070d233ec1829.jar /home/taher/AndroidPackges/SelfieMap/app/build/intermediates/exploded-aar/com.google.android.gms/play-services-basement/8.4.0/jars/classes.jar
java_class_path (initial): /home/taher/Android/Sdk/build-tools/24.0.0/lib/dx.jar
Launcher Type: SUN_STANDARD

Environment Variables:
JAVA_HOME=/usr/lib/jvm/java-8-oracle
PATH=/usr/local/sbin:/usr/local/bin:/usr/sbin:/usr/bin:/sbin:/bin:/usr/games:/usr/local/games:/usr/lib/jvm/java-8-oracle/bin:/usr/lib/jvm/java-8-oracle/db/bin:/usr/lib/jvm/java-8-oracle/jre/bin
SHELL=/bin/bash
DISPLAY=:0

Signal Handlers:
SIGSEGV: [libjvm.so+0xabca10], sa_mask[0]=11111111011111111101111111111110, sa_flags=SA_RESTART|SA_SIGINFO
SIGBUS: [libjvm.so+0xabca10], sa_mask[0]=11111111011111111101111111111110, sa_flags=SA_RESTART|SA_SIGINFO
SIGFPE: [libjvm.so+0x919a20], sa_mask[0]=11111111011111111101111111111110, sa_flags=SA_RESTART|SA_SIGINFO
SIGPIPE: [libjvm.so+0x919a20], sa_mask[0]=11111111011111111101111111111110, sa_flags=SA_RESTART|SA_SIGINFO
SIGXFSZ: [libjvm.so+0x919a20], sa_mask[0]=11111111011111111101111111111110, sa_flags=SA_RESTART|SA_SIGINFO
SIGILL: [libjvm.so+0x919a20], sa_mask[0]=11111111011111111101111111111110, sa_flags=SA_RESTART|SA_SIGINFO
SIGUSR1: SIG_DFL, sa_mask[0]=00000000000000000000000000000000, sa_flags=none
SIGUSR2: [libjvm.so+0x91b050], sa_mask[0]=00100000000000000000000000000000, sa_flags=SA_RESTART|SA_SIGINFO
SIGHUP: [libjvm.so+0x91c450], sa_mask[0]=11111111011111111101111111111110, sa_flags=SA_RESTART|SA_SIGINFO
SIGINT: [libjvm.so+0x91c450], sa_mask[0]=11111111011111111101111111111110, sa_flags=SA_RESTART|SA_SIGINFO
SIGTERM: [libjvm.so+0x91c450], sa_mask[0]=11111111011111111101111111111110, sa_flags=SA_RESTART|SA_SIGINFO
SIGQUIT: [libjvm.so+0x91c450], sa_mask[0]=11111111011111111101111111111110, sa_flags=SA_RESTART|SA_SIGINFO


---------------  S Y S T E M  ---------------

OS:DISTRIB_ID=Ubuntu
DISTRIB_RELEASE=14.04
DISTRIB_CODENAME=trusty
DISTRIB_DESCRIPTION="Ubuntu 14.04 LTS"

uname:Linux 3.13.0-93-generic #140-Ubuntu SMP Mon Jul 18 21:21:05 UTC 2016 x86_64
libc:glibc 2.19 NPTL 2.19 
rlimit: STACK 8192k, CORE 0k, NPROC 45651, NOFILE 4096, AS infinity
load average:49.41 19.70 7.98

/proc/meminfo:
MemTotal:        5864948 kB
MemFree:          133504 kB
Buffers:             932 kB
Cached:          1183404 kB
SwapCached:            0 kB
Active:          3568640 kB
Inactive:        1163884 kB
Active(anon):    3552840 kB
Inactive(anon):  1137284 kB
Active(file):      15800 kB
Inactive(file):    26600 kB
Unevictable:         352 kB
Mlocked:             352 kB
SwapTotal:             0 kB
SwapFree:              0 kB
Dirty:               216 kB
Writeback:             0 kB
AnonPages:       3548920 kB
Mapped:          1409920 kB
Shmem:           1141556 kB
Slab:              81832 kB
SReclaimable:      36224 kB
SUnreclaim:        45608 kB
KernelStack:        6096 kB
PageTables:        48152 kB
NFS_Unstable:          0 kB
Bounce:                0 kB
WritebackTmp:          0 kB
CommitLimit:     2932472 kB
Committed_AS:   10078100 kB
VmallocTotal:   34359738367 kB
VmallocUsed:      605280 kB
VmallocChunk:   34359120236 kB
HardwareCorrupted:     0 kB
AnonHugePages:   1036288 kB
HugePages_Total:       0
HugePages_Free:        0
HugePages_Rsvd:        0
HugePages_Surp:        0
Hugepagesize:       2048 kB
DirectMap4k:       90880 kB
DirectMap2M:     2805760 kB
DirectMap1G:     3145728 kB


CPU:total 4 (2 cores per cpu, 2 threads per core) family 6 model 60 stepping 3, cmov, cx8, fxsr, mmx, sse, sse2, sse3, ssse3, sse4.1, sse4.2, popcnt, avx, avx2, aes, clmul, erms, lzcnt, ht, tsc, tscinvbit, bmi1, bmi2

/proc/cpuinfo:
processor	: 0
vendor_id	: GenuineIntel
cpu family	: 6
model		: 60
model name	: Intel(R) Core(TM) i5-4200M CPU @ 2.50GHz
stepping	: 3
microcode	: 0x9
cpu MHz		: 2400.000
cache size	: 3072 KB
physical id	: 0
siblings	: 4
core id		: 0
cpu cores	: 2
apicid		: 0
initial apicid	: 0
fpu		: yes
fpu_exception	: yes
cpuid level	: 13
wp		: yes
flags		: fpu vme de pse tsc msr pae mce cx8 apic sep mtrr pge mca cmov pat pse36 clflush dts acpi mmx fxsr sse sse2 ss ht tm pbe syscall nx pdpe1gb rdtscp lm constant_tsc arch_perfmon pebs bts rep_good nopl xtopology nonstop_tsc aperfmperf eagerfpu pni pclmulqdq dtes64 monitor ds_cpl vmx est tm2 ssse3 fma cx16 xtpr pdcm pcid sse4_1 sse4_2 movbe popcnt tsc_deadline_timer aes xsave avx f16c rdrand lahf_lm abm ida arat epb xsaveopt pln pts dtherm tpr_shadow vnmi flexpriority ept vpid fsgsbase tsc_adjust bmi1 avx2 smep bmi2 erms invpcid
bogomips	: 4988.44
clflush size	: 64
cache_alignment	: 64
address sizes	: 39 bits physical, 48 bits virtual
power management:

processor	: 1
vendor_id	: GenuineIntel
cpu family	: 6
model		: 60
model name	: Intel(R) Core(TM) i5-4200M CPU @ 2.50GHz
stepping	: 3
microcode	: 0x9
cpu MHz		: 2501.000
cache size	: 3072 KB
physical id	: 0
siblings	: 4
core id		: 0
cpu cores	: 2
apicid		: 1
initial apicid	: 1
fpu		: yes
fpu_exception	: yes
cpuid level	: 13
wp		: yes
flags		: fpu vme de pse tsc msr pae mce cx8 apic sep mtrr pge mca cmov pat pse36 clflush dts acpi mmx fxsr sse sse2 ss ht tm pbe syscall nx pdpe1gb rdtscp lm constant_tsc arch_perfmon pebs bts rep_good nopl xtopology nonstop_tsc aperfmperf eagerfpu pni pclmulqdq dtes64 monitor ds_cpl vmx est tm2 ssse3 fma cx16 xtpr pdcm pcid sse4_1 sse4_2 movbe popcnt tsc_deadline_timer aes xsave avx f16c rdrand lahf_lm abm ida arat epb xsaveopt pln pts dtherm tpr_shadow vnmi flexpriority ept vpid fsgsbase tsc_adjust bmi1 avx2 smep bmi2 erms invpcid
bogomips	: 4988.44
clflush size	: 64
cache_alignment	: 64
address sizes	: 39 bits physical, 48 bits virtual
power management:

processor	: 2
vendor_id	: GenuineIntel
cpu family	: 6
model		: 60
model name	: Intel(R) Core(TM) i5-4200M CPU @ 2.50GHz
stepping	: 3
microcode	: 0x9
cpu MHz		: 800.000
cache size	: 3072 KB
physical id	: 0
siblings	: 4
core id		: 1
cpu cores	: 2
apicid		: 2
initial apicid	: 2
fpu		: yes
fpu_exception	: yes
cpuid level	: 13
wp		: yes
flags		: fpu vme de pse tsc msr pae mce cx8 apic sep mtrr pge mca cmov pat pse36 clflush dts acpi mmx fxsr sse sse2 ss ht tm pbe syscall nx pdpe1gb rdtscp lm constant_tsc arch_perfmon pebs bts rep_good nopl xtopology nonstop_tsc aperfmperf eagerfpu pni pclmulqdq dtes64 monitor ds_cpl vmx est tm2 ssse3 fma cx16 xtpr pdcm pcid sse4_1 sse4_2 movbe popcnt tsc_deadline_timer aes xsave avx f16c rdrand lahf_lm abm ida arat epb xsaveopt pln pts dtherm tpr_shadow vnmi flexpriority ept vpid fsgsbase tsc_adjust bmi1 avx2 smep bmi2 erms invpcid
bogomips	: 4988.44
clflush size	: 64
cache_alignment	: 64
address sizes	: 39 bits physical, 48 bits virtual
power management:

processor	: 3
vendor_id	: GenuineIntel
cpu family	: 6
model		: 60
model name	: Intel(R) Core(TM) i5-4200M CPU @ 2.50GHz
stepping	: 3
microcode	: 0x9
cpu MHz		: 2501.000
cache size	: 3072 KB
physical id	: 0
siblings	: 4
core id		: 1
cpu cores	: 2
apicid		: 3
initial apicid	: 3
fpu		: yes
fpu_exception	: yes
cpuid level	: 13
wp		: yes
flags		: fpu vme de pse tsc msr pae mce cx8 apic sep mtrr pge mca cmov pat pse36 clflush dts acpi mmx fxsr sse sse2 ss ht tm pbe syscall nx pdpe1gb rdtscp lm constant_tsc arch_perfmon pebs bts rep_good nopl xtopology nonstop_tsc aperfmperf eagerfpu pni pclmulqdq dtes64 monitor ds_cpl vmx est tm2 ssse3 fma cx16 xtpr pdcm pcid sse4_1 sse4_2 movbe popcnt tsc_deadline_timer aes xsave avx f16c rdrand lahf_lm abm ida arat epb xsaveopt pln pts dtherm tpr_shadow vnmi flexpriority ept vpid fsgsbase tsc_adjust bmi1 avx2 smep bmi2 erms invpcid
bogomips	: 4988.44
clflush size	: 64
cache_alignment	: 64
address sizes	: 39 bits physical, 48 bits virtual
power management:



Memory: 4k page, physical 5864948k(133504k free), swap 0k(0k free)

vm_info: Java HotSpot(TM) 64-Bit Server VM (25.91-b14) for linux-amd64 JRE (1.8.0_91-b14), built on Apr  1 2016 00:57:21 by "java_re" with gcc 4.3.0 20080428 (Red Hat 4.3.0-8)

time: Fri Sep  9 20:15:00 2016
elapsed time: 124 seconds (0d 0h 2m 4s)

